{"/home/inno/Desktop/Sanghamitra-Satpathy/library-manager/library-manager/server/index.js": {"path":"/home/inno/Desktop/Sanghamitra-Satpathy/library-manager/library-manager/server/index.js","statementMap":{"0":{"start":{"line":1,"column":16},"end":{"line":1,"column":34}},"1":{"start":{"line":2,"column":23},"end":{"line":2,"column":45}},"2":{"start":{"line":3,"column":19},"end":{"line":3,"column":49}},"3":{"start":{"line":4,"column":22},"end":{"line":4,"column":55}},"4":{"start":{"line":5,"column":20},"end":{"line":5,"column":51}},"5":{"start":{"line":6,"column":19},"end":{"line":6,"column":49}},"6":{"start":{"line":10,"column":0},"end":{"line":10,"column":27}},"7":{"start":{"line":11,"column":13},"end":{"line":11,"column":37}},"8":{"start":{"line":13,"column":12},"end":{"line":13,"column":21}},"9":{"start":{"line":15,"column":0},"end":{"line":15,"column":24}},"10":{"start":{"line":17,"column":13},"end":{"line":17,"column":28}},"11":{"start":{"line":19,"column":0},"end":{"line":23,"column":4}},"12":{"start":{"line":25,"column":0},"end":{"line":31,"column":2}},"13":{"start":{"line":26,"column":4},"end":{"line":30,"column":5}},"14":{"start":{"line":27,"column":8},"end":{"line":27,"column":47}},"15":{"start":{"line":29,"column":8},"end":{"line":29,"column":26}},"16":{"start":{"line":33,"column":0},"end":{"line":33,"column":33}},"17":{"start":{"line":34,"column":0},"end":{"line":34,"column":34}},"18":{"start":{"line":35,"column":0},"end":{"line":35,"column":40}},"19":{"start":{"line":36,"column":0},"end":{"line":36,"column":35}},"20":{"start":{"line":51,"column":0},"end":{"line":51,"column":21}}},"fnMap":{"0":{"name":"(anonymous_0)","decl":{"start":{"line":25,"column":13},"end":{"line":25,"column":14}},"loc":{"start":{"line":25,"column":33},"end":{"line":31,"column":1}},"line":25}},"branchMap":{"0":{"loc":{"start":{"line":11,"column":13},"end":{"line":11,"column":37}},"type":"binary-expr","locations":[{"start":{"line":11,"column":13},"end":{"line":11,"column":29}},{"start":{"line":11,"column":33},"end":{"line":11,"column":37}}],"line":11}},"s":{"0":1,"1":1,"2":1,"3":1,"4":1,"5":1,"6":1,"7":1,"8":1,"9":1,"10":1,"11":1,"12":1,"13":0,"14":0,"15":0,"16":1,"17":1,"18":1,"19":1,"20":1},"f":{"0":0},"b":{"0":[1,1]},"_coverageSchema":"1a1c01bbd47fc00a2c39e90264f33305004495a9","hash":"70f730668002497c4eaccd73c9059677d701787a"}
,"/home/inno/Desktop/Sanghamitra-Satpathy/library-manager/library-manager/server/server.js": {"path":"/home/inno/Desktop/Sanghamitra-Satpathy/library-manager/library-manager/server/server.js","statementMap":{"0":{"start":{"line":1,"column":13},"end":{"line":1,"column":28}},"1":{"start":{"line":2,"column":12},"end":{"line":2,"column":30}},"2":{"start":{"line":3,"column":23},"end":{"line":3,"column":45}},"3":{"start":{"line":4,"column":0},"end":{"line":4,"column":27}},"4":{"start":{"line":7,"column":13},"end":{"line":7,"column":37}},"5":{"start":{"line":9,"column":20},"end":{"line":30,"column":1}},"6":{"start":{"line":10,"column":4},"end":{"line":13,"column":5}},"7":{"start":{"line":11,"column":8},"end":{"line":11,"column":50}},"8":{"start":{"line":12,"column":8},"end":{"line":12,"column":15}},"9":{"start":{"line":15,"column":4},"end":{"line":15,"column":36}},"10":{"start":{"line":17,"column":4},"end":{"line":29,"column":7}},"11":{"start":{"line":18,"column":8},"end":{"line":28,"column":11}},"12":{"start":{"line":19,"column":12},"end":{"line":27,"column":13}},"13":{"start":{"line":20,"column":16},"end":{"line":20,"column":33}},"14":{"start":{"line":21,"column":16},"end":{"line":21,"column":47}},"15":{"start":{"line":22,"column":16},"end":{"line":22,"column":55}},"16":{"start":{"line":23,"column":16},"end":{"line":23,"column":26}},"17":{"start":{"line":25,"column":16},"end":{"line":25,"column":70}},"18":{"start":{"line":26,"column":16},"end":{"line":26,"column":30}},"19":{"start":{"line":31,"column":20},"end":{"line":48,"column":1}},"20":{"start":{"line":32,"column":4},"end":{"line":47,"column":7}},"21":{"start":{"line":33,"column":8},"end":{"line":46,"column":9}},"22":{"start":{"line":34,"column":12},"end":{"line":42,"column":15}},"23":{"start":{"line":35,"column":16},"end":{"line":39,"column":17}},"24":{"start":{"line":36,"column":20},"end":{"line":36,"column":64}},"25":{"start":{"line":38,"column":20},"end":{"line":38,"column":49}},"26":{"start":{"line":40,"column":16},"end":{"line":40,"column":30}},"27":{"start":{"line":41,"column":16},"end":{"line":41,"column":26}},"28":{"start":{"line":44,"column":12},"end":{"line":44,"column":50}},"29":{"start":{"line":45,"column":12},"end":{"line":45,"column":22}},"30":{"start":{"line":50,"column":0},"end":{"line":50,"column":46}}},"fnMap":{"0":{"name":"(anonymous_0)","decl":{"start":{"line":9,"column":20},"end":{"line":9,"column":21}},"loc":{"start":{"line":9,"column":32},"end":{"line":30,"column":1}},"line":9},"1":{"name":"(anonymous_1)","decl":{"start":{"line":17,"column":22},"end":{"line":17,"column":23}},"loc":{"start":{"line":17,"column":43},"end":{"line":29,"column":5}},"line":17},"2":{"name":"(anonymous_2)","decl":{"start":{"line":18,"column":28},"end":{"line":18,"column":29}},"loc":{"start":{"line":18,"column":40},"end":{"line":28,"column":9}},"line":18},"3":{"name":"(anonymous_3)","decl":{"start":{"line":31,"column":20},"end":{"line":31,"column":21}},"loc":{"start":{"line":31,"column":26},"end":{"line":48,"column":1}},"line":31},"4":{"name":"(anonymous_4)","decl":{"start":{"line":32,"column":23},"end":{"line":32,"column":24}},"loc":{"start":{"line":32,"column":36},"end":{"line":47,"column":5}},"line":32},"5":{"name":"(anonymous_5)","decl":{"start":{"line":34,"column":25},"end":{"line":34,"column":26}},"loc":{"start":{"line":34,"column":34},"end":{"line":42,"column":13}},"line":34}},"branchMap":{"0":{"loc":{"start":{"line":7,"column":13},"end":{"line":7,"column":37}},"type":"binary-expr","locations":[{"start":{"line":7,"column":13},"end":{"line":7,"column":29}},{"start":{"line":7,"column":33},"end":{"line":7,"column":37}}],"line":7},"1":{"loc":{"start":{"line":10,"column":4},"end":{"line":13,"column":5}},"type":"if","locations":[{"start":{"line":10,"column":4},"end":{"line":13,"column":5}},{"start":{},"end":{}}],"line":10},"2":{"loc":{"start":{"line":33,"column":8},"end":{"line":46,"column":9}},"type":"if","locations":[{"start":{"line":33,"column":8},"end":{"line":46,"column":9}},{"start":{"line":43,"column":15},"end":{"line":46,"column":9}}],"line":33},"3":{"loc":{"start":{"line":35,"column":16},"end":{"line":39,"column":17}},"type":"if","locations":[{"start":{"line":35,"column":16},"end":{"line":39,"column":17}},{"start":{"line":37,"column":23},"end":{"line":39,"column":17}}],"line":35}},"s":{"0":1,"1":1,"2":1,"3":1,"4":1,"5":1,"6":2,"7":0,"8":0,"9":2,"10":2,"11":2,"12":2,"13":2,"14":2,"15":2,"16":2,"17":0,"18":0,"19":1,"20":2,"21":2,"22":2,"23":2,"24":0,"25":2,"26":2,"27":2,"28":0,"29":0,"30":1},"f":{"0":2,"1":2,"2":2,"3":2,"4":2,"5":2},"b":{"0":[1,1],"1":[0,2],"2":[2,0],"3":[0,2]},"_coverageSchema":"1a1c01bbd47fc00a2c39e90264f33305004495a9","hash":"f027c4d1eaac13e5b8ae96b40c5674dce795c94a"}
,"/home/inno/Desktop/Sanghamitra-Satpathy/library-manager/library-manager/server/config/db.js": {"path":"/home/inno/Desktop/Sanghamitra-Satpathy/library-manager/library-manager/server/config/db.js","statementMap":{"0":{"start":{"line":1,"column":17},"end":{"line":1,"column":36}},"1":{"start":{"line":3,"column":0},"end":{"line":3,"column":27}},"2":{"start":{"line":5,"column":19},"end":{"line":5,"column":57}},"3":{"start":{"line":7,"column":0},"end":{"line":9,"column":1}}},"fnMap":{},"branchMap":{},"s":{"0":1,"1":1,"2":1,"3":1},"f":{},"b":{},"_coverageSchema":"1a1c01bbd47fc00a2c39e90264f33305004495a9","hash":"24a6b3d31f7ad93de260bf5169b35debe373369f"}
,"/home/inno/Desktop/Sanghamitra-Satpathy/library-manager/library-manager/server/controllers/admin-controller.js": {"path":"/home/inno/Desktop/Sanghamitra-Satpathy/library-manager/library-manager/server/controllers/admin-controller.js","statementMap":{"0":{"start":{"line":1,"column":22},"end":{"line":1,"column":53}},"1":{"start":{"line":2,"column":15},"end":{"line":2,"column":32}},"2":{"start":{"line":3,"column":18},"end":{"line":3,"column":38}},"3":{"start":{"line":5,"column":17},"end":{"line":59,"column":1}},"4":{"start":{"line":6,"column":2},"end":{"line":58,"column":3}},"5":{"start":{"line":7,"column":52},"end":{"line":7,"column":60}},"6":{"start":{"line":9,"column":4},"end":{"line":11,"column":5}},"7":{"start":{"line":10,"column":6},"end":{"line":10,"column":103}},"8":{"start":{"line":13,"column":4},"end":{"line":15,"column":5}},"9":{"start":{"line":14,"column":6},"end":{"line":14,"column":87}},"10":{"start":{"line":17,"column":4},"end":{"line":19,"column":5}},"11":{"start":{"line":18,"column":6},"end":{"line":18,"column":96}},"12":{"start":{"line":21,"column":4},"end":{"line":23,"column":5}},"13":{"start":{"line":22,"column":6},"end":{"line":22,"column":81}},"14":{"start":{"line":25,"column":4},"end":{"line":27,"column":5}},"15":{"start":{"line":26,"column":6},"end":{"line":26,"column":87}},"16":{"start":{"line":28,"column":4},"end":{"line":30,"column":5}},"17":{"start":{"line":29,"column":6},"end":{"line":29,"column":72}},"18":{"start":{"line":32,"column":4},"end":{"line":34,"column":5}},"19":{"start":{"line":33,"column":6},"end":{"line":33,"column":95}},"20":{"start":{"line":36,"column":4},"end":{"line":38,"column":5}},"21":{"start":{"line":37,"column":6},"end":{"line":37,"column":127}},"22":{"start":{"line":40,"column":25},"end":{"line":40,"column":62}},"23":{"start":{"line":41,"column":29},"end":{"line":41,"column":66}},"24":{"start":{"line":43,"column":4},"end":{"line":45,"column":5}},"25":{"start":{"line":44,"column":6},"end":{"line":44,"column":75}},"26":{"start":{"line":47,"column":4},"end":{"line":49,"column":5}},"27":{"start":{"line":48,"column":6},"end":{"line":48,"column":75}},"28":{"start":{"line":51,"column":27},"end":{"line":51,"column":58}},"29":{"start":{"line":52,"column":21},"end":{"line":52,"column":106}},"30":{"start":{"line":53,"column":4},"end":{"line":53,"column":26}},"31":{"start":{"line":55,"column":4},"end":{"line":55,"column":55}},"32":{"start":{"line":57,"column":4},"end":{"line":57,"column":53}},"33":{"start":{"line":61,"column":20},"end":{"line":68,"column":1}},"34":{"start":{"line":62,"column":2},"end":{"line":67,"column":3}},"35":{"start":{"line":63,"column":18},"end":{"line":63,"column":40}},"36":{"start":{"line":64,"column":4},"end":{"line":64,"column":20}},"37":{"start":{"line":66,"column":4},"end":{"line":66,"column":53}},"38":{"start":{"line":70,"column":21},"end":{"line":77,"column":1}},"39":{"start":{"line":71,"column":2},"end":{"line":76,"column":3}},"40":{"start":{"line":72,"column":19},"end":{"line":72,"column":58}},"41":{"start":{"line":73,"column":4},"end":{"line":73,"column":21}},"42":{"start":{"line":75,"column":4},"end":{"line":75,"column":53}},"43":{"start":{"line":79,"column":0},"end":{"line":79,"column":57}}},"fnMap":{"0":{"name":"(anonymous_0)","decl":{"start":{"line":5,"column":17},"end":{"line":5,"column":18}},"loc":{"start":{"line":5,"column":37},"end":{"line":59,"column":1}},"line":5},"1":{"name":"(anonymous_1)","decl":{"start":{"line":61,"column":20},"end":{"line":61,"column":21}},"loc":{"start":{"line":61,"column":40},"end":{"line":68,"column":1}},"line":61},"2":{"name":"(anonymous_2)","decl":{"start":{"line":70,"column":21},"end":{"line":70,"column":22}},"loc":{"start":{"line":70,"column":41},"end":{"line":77,"column":1}},"line":70}},"branchMap":{"0":{"loc":{"start":{"line":9,"column":4},"end":{"line":11,"column":5}},"type":"if","locations":[{"start":{"line":9,"column":4},"end":{"line":11,"column":5}},{"start":{},"end":{}}],"line":9},"1":{"loc":{"start":{"line":9,"column":8},"end":{"line":9,"column":53}},"type":"binary-expr","locations":[{"start":{"line":9,"column":8},"end":{"line":9,"column":17}},{"start":{"line":9,"column":21},"end":{"line":9,"column":30}},{"start":{"line":9,"column":34},"end":{"line":9,"column":43}},{"start":{"line":9,"column":47},"end":{"line":9,"column":53}}],"line":9},"2":{"loc":{"start":{"line":13,"column":4},"end":{"line":15,"column":5}},"type":"if","locations":[{"start":{"line":13,"column":4},"end":{"line":15,"column":5}},{"start":{},"end":{}}],"line":13},"3":{"loc":{"start":{"line":13,"column":8},"end":{"line":13,"column":68}},"type":"binary-expr","locations":[{"start":{"line":13,"column":8},"end":{"line":13,"column":36}},{"start":{"line":13,"column":40},"end":{"line":13,"column":68}}],"line":13},"4":{"loc":{"start":{"line":17,"column":4},"end":{"line":19,"column":5}},"type":"if","locations":[{"start":{"line":17,"column":4},"end":{"line":19,"column":5}},{"start":{},"end":{}}],"line":17},"5":{"loc":{"start":{"line":17,"column":8},"end":{"line":17,"column":51}},"type":"binary-expr","locations":[{"start":{"line":17,"column":8},"end":{"line":17,"column":27}},{"start":{"line":17,"column":31},"end":{"line":17,"column":51}}],"line":17},"6":{"loc":{"start":{"line":21,"column":4},"end":{"line":23,"column":5}},"type":"if","locations":[{"start":{"line":21,"column":4},"end":{"line":23,"column":5}},{"start":{},"end":{}}],"line":21},"7":{"loc":{"start":{"line":25,"column":4},"end":{"line":27,"column":5}},"type":"if","locations":[{"start":{"line":25,"column":4},"end":{"line":27,"column":5}},{"start":{},"end":{}}],"line":25},"8":{"loc":{"start":{"line":25,"column":8},"end":{"line":25,"column":68}},"type":"binary-expr","locations":[{"start":{"line":25,"column":8},"end":{"line":25,"column":36}},{"start":{"line":25,"column":40},"end":{"line":25,"column":68}}],"line":25},"9":{"loc":{"start":{"line":28,"column":4},"end":{"line":30,"column":5}},"type":"if","locations":[{"start":{"line":28,"column":4},"end":{"line":30,"column":5}},{"start":{},"end":{}}],"line":28},"10":{"loc":{"start":{"line":32,"column":4},"end":{"line":34,"column":5}},"type":"if","locations":[{"start":{"line":32,"column":4},"end":{"line":34,"column":5}},{"start":{},"end":{}}],"line":32},"11":{"loc":{"start":{"line":36,"column":4},"end":{"line":38,"column":5}},"type":"if","locations":[{"start":{"line":36,"column":4},"end":{"line":38,"column":5}},{"start":{},"end":{}}],"line":36},"12":{"loc":{"start":{"line":36,"column":8},"end":{"line":36,"column":117}},"type":"binary-expr","locations":[{"start":{"line":36,"column":8},"end":{"line":36,"column":31}},{"start":{"line":36,"column":35},"end":{"line":36,"column":58}},{"start":{"line":36,"column":62},"end":{"line":36,"column":85}},{"start":{"line":36,"column":89},"end":{"line":36,"column":117}}],"line":36},"13":{"loc":{"start":{"line":43,"column":4},"end":{"line":45,"column":5}},"type":"if","locations":[{"start":{"line":43,"column":4},"end":{"line":45,"column":5}},{"start":{},"end":{}}],"line":43},"14":{"loc":{"start":{"line":47,"column":4},"end":{"line":49,"column":5}},"type":"if","locations":[{"start":{"line":47,"column":4},"end":{"line":49,"column":5}},{"start":{},"end":{}}],"line":47}},"s":{"0":1,"1":1,"2":1,"3":1,"4":4,"5":4,"6":4,"7":0,"8":4,"9":0,"10":4,"11":0,"12":4,"13":0,"14":4,"15":0,"16":4,"17":0,"18":4,"19":0,"20":4,"21":0,"22":4,"23":4,"24":4,"25":0,"26":4,"27":0,"28":4,"29":4,"30":4,"31":4,"32":0,"33":1,"34":0,"35":0,"36":0,"37":0,"38":1,"39":0,"40":0,"41":0,"42":0,"43":1},"f":{"0":4,"1":0,"2":0},"b":{"0":[0,4],"1":[4,4,4,4],"2":[0,4],"3":[4,4],"4":[0,4],"5":[4,4],"6":[0,4],"7":[0,4],"8":[4,4],"9":[0,4],"10":[0,4],"11":[0,4],"12":[4,4,4,4],"13":[0,4],"14":[0,4]},"_coverageSchema":"1a1c01bbd47fc00a2c39e90264f33305004495a9","hash":"361dad146beb094773afd111828283f416ac5036"}
,"/home/inno/Desktop/Sanghamitra-Satpathy/library-manager/library-manager/server/controllers/auth-controller.js": {"path":"/home/inno/Desktop/Sanghamitra-Satpathy/library-manager/library-manager/server/controllers/auth-controller.js","statementMap":{"0":{"start":{"line":1,"column":15},"end":{"line":1,"column":32}},"1":{"start":{"line":2,"column":12},"end":{"line":2,"column":35}},"2":{"start":{"line":3,"column":22},"end":{"line":3,"column":53}},"3":{"start":{"line":4,"column":18},"end":{"line":4,"column":38}},"4":{"start":{"line":6,"column":19},"end":{"line":6,"column":43}},"5":{"start":{"line":8,"column":17},"end":{"line":50,"column":1}},"6":{"start":{"line":9,"column":2},"end":{"line":49,"column":3}},"7":{"start":{"line":10,"column":48},"end":{"line":10,"column":56}},"8":{"start":{"line":13,"column":4},"end":{"line":15,"column":5}},"9":{"start":{"line":14,"column":6},"end":{"line":14,"column":94}},"10":{"start":{"line":17,"column":4},"end":{"line":19,"column":5}},"11":{"start":{"line":18,"column":6},"end":{"line":18,"column":96}},"12":{"start":{"line":21,"column":4},"end":{"line":23,"column":5}},"13":{"start":{"line":22,"column":6},"end":{"line":22,"column":72}},"14":{"start":{"line":24,"column":4},"end":{"line":26,"column":5}},"15":{"start":{"line":25,"column":6},"end":{"line":25,"column":110}},"16":{"start":{"line":28,"column":4},"end":{"line":30,"column":5}},"17":{"start":{"line":29,"column":6},"end":{"line":29,"column":95}},"18":{"start":{"line":32,"column":4},"end":{"line":34,"column":5}},"19":{"start":{"line":33,"column":6},"end":{"line":33,"column":127}},"20":{"start":{"line":37,"column":25},"end":{"line":37,"column":84}},"21":{"start":{"line":38,"column":4},"end":{"line":40,"column":5}},"22":{"start":{"line":39,"column":6},"end":{"line":39,"column":84}},"23":{"start":{"line":42,"column":27},"end":{"line":42,"column":58}},"24":{"start":{"line":43,"column":17},"end":{"line":43,"column":90}},"25":{"start":{"line":44,"column":4},"end":{"line":44,"column":22}},"26":{"start":{"line":46,"column":4},"end":{"line":46,"column":60}},"27":{"start":{"line":48,"column":4},"end":{"line":48,"column":53}},"28":{"start":{"line":52,"column":14},"end":{"line":74,"column":1}},"29":{"start":{"line":53,"column":2},"end":{"line":73,"column":3}},"30":{"start":{"line":54,"column":32},"end":{"line":54,"column":40}},"31":{"start":{"line":56,"column":4},"end":{"line":58,"column":5}},"32":{"start":{"line":57,"column":6},"end":{"line":57,"column":83}},"33":{"start":{"line":60,"column":4},"end":{"line":62,"column":5}},"34":{"start":{"line":61,"column":6},"end":{"line":61,"column":72}},"35":{"start":{"line":64,"column":17},"end":{"line":64,"column":51}},"36":{"start":{"line":65,"column":4},"end":{"line":67,"column":5}},"37":{"start":{"line":66,"column":6},"end":{"line":66,"column":70}},"38":{"start":{"line":69,"column":18},"end":{"line":69,"column":85}},"39":{"start":{"line":70,"column":4},"end":{"line":70,"column":30}},"40":{"start":{"line":72,"column":4},"end":{"line":72,"column":53}},"41":{"start":{"line":76,"column":0},"end":{"line":76,"column":37}}},"fnMap":{"0":{"name":"(anonymous_0)","decl":{"start":{"line":8,"column":17},"end":{"line":8,"column":18}},"loc":{"start":{"line":8,"column":37},"end":{"line":50,"column":1}},"line":8},"1":{"name":"(anonymous_1)","decl":{"start":{"line":52,"column":14},"end":{"line":52,"column":15}},"loc":{"start":{"line":52,"column":34},"end":{"line":74,"column":1}},"line":52}},"branchMap":{"0":{"loc":{"start":{"line":13,"column":4},"end":{"line":15,"column":5}},"type":"if","locations":[{"start":{"line":13,"column":4},"end":{"line":15,"column":5}},{"start":{},"end":{}}],"line":13},"1":{"loc":{"start":{"line":13,"column":8},"end":{"line":13,"column":40}},"type":"binary-expr","locations":[{"start":{"line":13,"column":8},"end":{"line":13,"column":17}},{"start":{"line":13,"column":21},"end":{"line":13,"column":30}},{"start":{"line":13,"column":34},"end":{"line":13,"column":40}}],"line":13},"2":{"loc":{"start":{"line":17,"column":4},"end":{"line":19,"column":5}},"type":"if","locations":[{"start":{"line":17,"column":4},"end":{"line":19,"column":5}},{"start":{},"end":{}}],"line":17},"3":{"loc":{"start":{"line":17,"column":8},"end":{"line":17,"column":51}},"type":"binary-expr","locations":[{"start":{"line":17,"column":8},"end":{"line":17,"column":27}},{"start":{"line":17,"column":31},"end":{"line":17,"column":51}}],"line":17},"4":{"loc":{"start":{"line":21,"column":4},"end":{"line":23,"column":5}},"type":"if","locations":[{"start":{"line":21,"column":4},"end":{"line":23,"column":5}},{"start":{},"end":{}}],"line":21},"5":{"loc":{"start":{"line":24,"column":4},"end":{"line":26,"column":5}},"type":"if","locations":[{"start":{"line":24,"column":4},"end":{"line":26,"column":5}},{"start":{},"end":{}}],"line":24},"6":{"loc":{"start":{"line":24,"column":8},"end":{"line":24,"column":42}},"type":"binary-expr","locations":[{"start":{"line":24,"column":8},"end":{"line":24,"column":12}},{"start":{"line":24,"column":16},"end":{"line":24,"column":42}}],"line":24},"7":{"loc":{"start":{"line":28,"column":4},"end":{"line":30,"column":5}},"type":"if","locations":[{"start":{"line":28,"column":4},"end":{"line":30,"column":5}},{"start":{},"end":{}}],"line":28},"8":{"loc":{"start":{"line":32,"column":4},"end":{"line":34,"column":5}},"type":"if","locations":[{"start":{"line":32,"column":4},"end":{"line":34,"column":5}},{"start":{},"end":{}}],"line":32},"9":{"loc":{"start":{"line":32,"column":8},"end":{"line":32,"column":117}},"type":"binary-expr","locations":[{"start":{"line":32,"column":8},"end":{"line":32,"column":31}},{"start":{"line":32,"column":35},"end":{"line":32,"column":58}},{"start":{"line":32,"column":62},"end":{"line":32,"column":85}},{"start":{"line":32,"column":89},"end":{"line":32,"column":117}}],"line":32},"10":{"loc":{"start":{"line":38,"column":4},"end":{"line":40,"column":5}},"type":"if","locations":[{"start":{"line":38,"column":4},"end":{"line":40,"column":5}},{"start":{},"end":{}}],"line":38},"11":{"loc":{"start":{"line":56,"column":4},"end":{"line":58,"column":5}},"type":"if","locations":[{"start":{"line":56,"column":4},"end":{"line":58,"column":5}},{"start":{},"end":{}}],"line":56},"12":{"loc":{"start":{"line":56,"column":8},"end":{"line":56,"column":27}},"type":"binary-expr","locations":[{"start":{"line":56,"column":8},"end":{"line":56,"column":14}},{"start":{"line":56,"column":18},"end":{"line":56,"column":27}}],"line":56},"13":{"loc":{"start":{"line":60,"column":4},"end":{"line":62,"column":5}},"type":"if","locations":[{"start":{"line":60,"column":4},"end":{"line":62,"column":5}},{"start":{},"end":{}}],"line":60},"14":{"loc":{"start":{"line":65,"column":4},"end":{"line":67,"column":5}},"type":"if","locations":[{"start":{"line":65,"column":4},"end":{"line":67,"column":5}},{"start":{},"end":{}}],"line":65},"15":{"loc":{"start":{"line":65,"column":8},"end":{"line":65,"column":65}},"type":"binary-expr","locations":[{"start":{"line":65,"column":8},"end":{"line":65,"column":13}},{"start":{"line":65,"column":17},"end":{"line":65,"column":65}}],"line":65}},"s":{"0":1,"1":1,"2":1,"3":1,"4":1,"5":1,"6":7,"7":7,"8":7,"9":0,"10":7,"11":0,"12":7,"13":0,"14":7,"15":0,"16":7,"17":0,"18":7,"19":0,"20":7,"21":7,"22":0,"23":7,"24":7,"25":7,"26":7,"27":0,"28":1,"29":10,"30":10,"31":10,"32":0,"33":10,"34":0,"35":10,"36":10,"37":0,"38":10,"39":10,"40":0,"41":1},"f":{"0":7,"1":10},"b":{"0":[0,7],"1":[7,7,7],"2":[0,7],"3":[7,7],"4":[0,7],"5":[0,7],"6":[7,5],"7":[0,7],"8":[0,7],"9":[7,7,7,7],"10":[0,7],"11":[0,10],"12":[10,10],"13":[0,10],"14":[0,10],"15":[10,10]},"_coverageSchema":"1a1c01bbd47fc00a2c39e90264f33305004495a9","hash":"8f741d0d2f50f33181ec26092969f20f54c61089"}
,"/home/inno/Desktop/Sanghamitra-Satpathy/library-manager/library-manager/server/controllers/book-controller.js": {"path":"/home/inno/Desktop/Sanghamitra-Satpathy/library-manager/library-manager/server/controllers/book-controller.js","statementMap":{"0":{"start":{"line":1,"column":22},"end":{"line":1,"column":53}},"1":{"start":{"line":3,"column":16},"end":{"line":38,"column":1}},"2":{"start":{"line":4,"column":2},"end":{"line":37,"column":3}},"3":{"start":{"line":5,"column":53},"end":{"line":5,"column":61}},"4":{"start":{"line":7,"column":4},"end":{"line":9,"column":5}},"5":{"start":{"line":8,"column":6},"end":{"line":8,"column":106}},"6":{"start":{"line":11,"column":4},"end":{"line":13,"column":5}},"7":{"start":{"line":12,"column":6},"end":{"line":12,"column":84}},"8":{"start":{"line":15,"column":4},"end":{"line":17,"column":5}},"9":{"start":{"line":16,"column":6},"end":{"line":16,"column":85}},"10":{"start":{"line":19,"column":4},"end":{"line":21,"column":5}},"11":{"start":{"line":20,"column":6},"end":{"line":20,"column":91}},"12":{"start":{"line":23,"column":24},"end":{"line":23,"column":48}},"13":{"start":{"line":24,"column":27},"end":{"line":24,"column":52}},"14":{"start":{"line":25,"column":4},"end":{"line":27,"column":5}},"15":{"start":{"line":26,"column":6},"end":{"line":26,"column":96}},"16":{"start":{"line":29,"column":4},"end":{"line":31,"column":5}},"17":{"start":{"line":30,"column":6},"end":{"line":30,"column":77}},"18":{"start":{"line":32,"column":17},"end":{"line":32,"column":101}},"19":{"start":{"line":33,"column":4},"end":{"line":33,"column":22}},"20":{"start":{"line":34,"column":4},"end":{"line":34,"column":31}},"21":{"start":{"line":36,"column":4},"end":{"line":36,"column":53}},"22":{"start":{"line":40,"column":20},"end":{"line":43,"column":1}},"23":{"start":{"line":41,"column":16},"end":{"line":41,"column":38}},"24":{"start":{"line":42,"column":2},"end":{"line":42,"column":18}},"25":{"start":{"line":45,"column":20},"end":{"line":49,"column":1}},"26":{"start":{"line":46,"column":20},"end":{"line":46,"column":30}},"27":{"start":{"line":47,"column":16},"end":{"line":47,"column":71}},"28":{"start":{"line":48,"column":2},"end":{"line":48,"column":18}},"29":{"start":{"line":51,"column":0},"end":{"line":51,"column":55}}},"fnMap":{"0":{"name":"(anonymous_0)","decl":{"start":{"line":3,"column":16},"end":{"line":3,"column":17}},"loc":{"start":{"line":3,"column":36},"end":{"line":38,"column":1}},"line":3},"1":{"name":"(anonymous_1)","decl":{"start":{"line":40,"column":20},"end":{"line":40,"column":21}},"loc":{"start":{"line":40,"column":40},"end":{"line":43,"column":1}},"line":40},"2":{"name":"(anonymous_2)","decl":{"start":{"line":45,"column":20},"end":{"line":45,"column":21}},"loc":{"start":{"line":45,"column":40},"end":{"line":49,"column":1}},"line":45}},"branchMap":{"0":{"loc":{"start":{"line":7,"column":4},"end":{"line":9,"column":5}},"type":"if","locations":[{"start":{"line":7,"column":4},"end":{"line":9,"column":5}},{"start":{},"end":{}}],"line":7},"1":{"loc":{"start":{"line":7,"column":8},"end":{"line":7,"column":67}},"type":"binary-expr","locations":[{"start":{"line":7,"column":8},"end":{"line":7,"column":14}},{"start":{"line":7,"column":18},"end":{"line":7,"column":25}},{"start":{"line":7,"column":29},"end":{"line":7,"column":51}},{"start":{"line":7,"column":55},"end":{"line":7,"column":67}}],"line":7},"2":{"loc":{"start":{"line":11,"column":4},"end":{"line":13,"column":5}},"type":"if","locations":[{"start":{"line":11,"column":4},"end":{"line":13,"column":5}},{"start":{},"end":{}}],"line":11},"3":{"loc":{"start":{"line":11,"column":8},"end":{"line":11,"column":62}},"type":"binary-expr","locations":[{"start":{"line":11,"column":8},"end":{"line":11,"column":33}},{"start":{"line":11,"column":37},"end":{"line":11,"column":62}}],"line":11},"4":{"loc":{"start":{"line":15,"column":4},"end":{"line":17,"column":5}},"type":"if","locations":[{"start":{"line":15,"column":4},"end":{"line":17,"column":5}},{"start":{},"end":{}}],"line":15},"5":{"loc":{"start":{"line":15,"column":8},"end":{"line":15,"column":64}},"type":"binary-expr","locations":[{"start":{"line":15,"column":8},"end":{"line":15,"column":34}},{"start":{"line":15,"column":38},"end":{"line":15,"column":64}}],"line":15},"6":{"loc":{"start":{"line":19,"column":4},"end":{"line":21,"column":5}},"type":"if","locations":[{"start":{"line":19,"column":4},"end":{"line":21,"column":5}},{"start":{},"end":{}}],"line":19},"7":{"loc":{"start":{"line":19,"column":8},"end":{"line":19,"column":83}},"type":"binary-expr","locations":[{"start":{"line":19,"column":8},"end":{"line":19,"column":36}},{"start":{"line":19,"column":40},"end":{"line":19,"column":52}},{"start":{"line":19,"column":56},"end":{"line":19,"column":83}}],"line":19},"8":{"loc":{"start":{"line":25,"column":4},"end":{"line":27,"column":5}},"type":"if","locations":[{"start":{"line":25,"column":4},"end":{"line":27,"column":5}},{"start":{},"end":{}}],"line":25},"9":{"loc":{"start":{"line":25,"column":8},"end":{"line":25,"column":93}},"type":"binary-expr","locations":[{"start":{"line":25,"column":8},"end":{"line":25,"column":36}},{"start":{"line":25,"column":40},"end":{"line":25,"column":61}},{"start":{"line":25,"column":65},"end":{"line":25,"column":93}}],"line":25},"10":{"loc":{"start":{"line":29,"column":4},"end":{"line":31,"column":5}},"type":"if","locations":[{"start":{"line":29,"column":4},"end":{"line":31,"column":5}},{"start":{},"end":{}}],"line":29},"11":{"loc":{"start":{"line":29,"column":8},"end":{"line":29,"column":39}},"type":"binary-expr","locations":[{"start":{"line":29,"column":8},"end":{"line":29,"column":17}},{"start":{"line":29,"column":21},"end":{"line":29,"column":39}}],"line":29}},"s":{"0":1,"1":1,"2":3,"3":3,"4":3,"5":0,"6":3,"7":0,"8":3,"9":0,"10":3,"11":0,"12":3,"13":3,"14":3,"15":0,"16":3,"17":0,"18":3,"19":3,"20":3,"21":0,"22":1,"23":2,"24":2,"25":1,"26":0,"27":0,"28":0,"29":1},"f":{"0":3,"1":2,"2":0},"b":{"0":[0,3],"1":[3,3,3,3],"2":[0,3],"3":[3,3],"4":[0,3],"5":[3,3],"6":[0,3],"7":[3,3,3],"8":[0,3],"9":[3,3,3],"10":[0,3],"11":[3,3]},"_coverageSchema":"1a1c01bbd47fc00a2c39e90264f33305004495a9","hash":"57ae6d680ea709f28be6ac9411742fa885820749"}
,"/home/inno/Desktop/Sanghamitra-Satpathy/library-manager/library-manager/server/controllers/request-controller.js": {"path":"/home/inno/Desktop/Sanghamitra-Satpathy/library-manager/library-manager/server/controllers/request-controller.js","statementMap":{"0":{"start":{"line":1,"column":22},"end":{"line":1,"column":53}},"1":{"start":{"line":2,"column":25},"end":{"line":2,"column":59}},"2":{"start":{"line":3,"column":22},"end":{"line":3,"column":53}},"3":{"start":{"line":5,"column":22},"end":{"line":30,"column":1}},"4":{"start":{"line":6,"column":2},"end":{"line":29,"column":3}},"5":{"start":{"line":7,"column":23},"end":{"line":7,"column":31}},"6":{"start":{"line":9,"column":4},"end":{"line":11,"column":5}},"7":{"start":{"line":10,"column":6},"end":{"line":10,"column":71}},"8":{"start":{"line":13,"column":17},"end":{"line":13,"column":49}},"9":{"start":{"line":14,"column":4},"end":{"line":16,"column":5}},"10":{"start":{"line":15,"column":6},"end":{"line":15,"column":69}},"11":{"start":{"line":18,"column":20},"end":{"line":22,"column":6}},"12":{"start":{"line":24,"column":4},"end":{"line":24,"column":25}},"13":{"start":{"line":26,"column":4},"end":{"line":26,"column":34}},"14":{"start":{"line":28,"column":4},"end":{"line":28,"column":53}},"15":{"start":{"line":32,"column":22},"end":{"line":74,"column":1}},"16":{"start":{"line":33,"column":2},"end":{"line":73,"column":3}},"17":{"start":{"line":34,"column":34},"end":{"line":34,"column":42}},"18":{"start":{"line":36,"column":4},"end":{"line":38,"column":5}},"19":{"start":{"line":37,"column":6},"end":{"line":37,"column":74}},"20":{"start":{"line":40,"column":4},"end":{"line":42,"column":5}},"21":{"start":{"line":41,"column":6},"end":{"line":41,"column":98}},"22":{"start":{"line":44,"column":20},"end":{"line":44,"column":77}},"23":{"start":{"line":45,"column":4},"end":{"line":47,"column":5}},"24":{"start":{"line":46,"column":6},"end":{"line":46,"column":68}},"25":{"start":{"line":49,"column":4},"end":{"line":51,"column":5}},"26":{"start":{"line":50,"column":6},"end":{"line":50,"column":60}},"27":{"start":{"line":53,"column":4},"end":{"line":55,"column":5}},"28":{"start":{"line":54,"column":6},"end":{"line":54,"column":74}},"29":{"start":{"line":57,"column":4},"end":{"line":68,"column":5}},"30":{"start":{"line":58,"column":6},"end":{"line":58,"column":30}},"31":{"start":{"line":59,"column":6},"end":{"line":59,"column":43}},"32":{"start":{"line":60,"column":6},"end":{"line":60,"column":83}},"33":{"start":{"line":61,"column":6},"end":{"line":61,"column":27}},"34":{"start":{"line":63,"column":6},"end":{"line":63,"column":35}},"35":{"start":{"line":64,"column":6},"end":{"line":64,"column":34}},"36":{"start":{"line":65,"column":11},"end":{"line":68,"column":5}},"37":{"start":{"line":66,"column":6},"end":{"line":66,"column":30}},"38":{"start":{"line":67,"column":6},"end":{"line":67,"column":27}},"39":{"start":{"line":70,"column":4},"end":{"line":70,"column":22}},"40":{"start":{"line":72,"column":4},"end":{"line":72,"column":53}},"41":{"start":{"line":76,"column":22},"end":{"line":114,"column":1}},"42":{"start":{"line":77,"column":2},"end":{"line":113,"column":3}},"43":{"start":{"line":78,"column":34},"end":{"line":78,"column":42}},"44":{"start":{"line":80,"column":4},"end":{"line":82,"column":5}},"45":{"start":{"line":81,"column":6},"end":{"line":81,"column":74}},"46":{"start":{"line":84,"column":4},"end":{"line":86,"column":5}},"47":{"start":{"line":85,"column":6},"end":{"line":85,"column":77}},"48":{"start":{"line":88,"column":20},"end":{"line":88,"column":77}},"49":{"start":{"line":89,"column":4},"end":{"line":91,"column":5}},"50":{"start":{"line":90,"column":6},"end":{"line":90,"column":68}},"51":{"start":{"line":93,"column":24},"end":{"line":93,"column":34}},"52":{"start":{"line":95,"column":4},"end":{"line":101,"column":5}},"53":{"start":{"line":96,"column":26},"end":{"line":96,"column":103}},"54":{"start":{"line":97,"column":27},"end":{"line":97,"column":43}},"55":{"start":{"line":99,"column":6},"end":{"line":99,"column":38}},"56":{"start":{"line":100,"column":6},"end":{"line":100,"column":95}},"57":{"start":{"line":103,"column":4},"end":{"line":103,"column":28}},"58":{"start":{"line":104,"column":4},"end":{"line":104,"column":36}},"59":{"start":{"line":105,"column":4},"end":{"line":105,"column":25}},"60":{"start":{"line":107,"column":4},"end":{"line":107,"column":33}},"61":{"start":{"line":108,"column":4},"end":{"line":108,"column":32}},"62":{"start":{"line":110,"column":4},"end":{"line":110,"column":22}},"63":{"start":{"line":112,"column":4},"end":{"line":112,"column":53}},"64":{"start":{"line":116,"column":24},"end":{"line":131,"column":1}},"65":{"start":{"line":117,"column":2},"end":{"line":130,"column":3}},"66":{"start":{"line":118,"column":23},"end":{"line":118,"column":32}},"67":{"start":{"line":120,"column":4},"end":{"line":122,"column":5}},"68":{"start":{"line":121,"column":6},"end":{"line":121,"column":75}},"69":{"start":{"line":124,"column":25},"end":{"line":125,"column":64}},"70":{"start":{"line":127,"column":4},"end":{"line":127,"column":27}},"71":{"start":{"line":129,"column":4},"end":{"line":129,"column":53}},"72":{"start":{"line":133,"column":23},"end":{"line":168,"column":1}},"73":{"start":{"line":134,"column":2},"end":{"line":167,"column":3}},"74":{"start":{"line":135,"column":24},"end":{"line":137,"column":64}},"75":{"start":{"line":139,"column":30},"end":{"line":161,"column":7}},"76":{"start":{"line":139,"column":58},"end":{"line":161,"column":5}},"77":{"start":{"line":163,"column":4},"end":{"line":163,"column":32}},"78":{"start":{"line":165,"column":4},"end":{"line":165,"column":53}},"79":{"start":{"line":166,"column":4},"end":{"line":166,"column":54}},"80":{"start":{"line":170,"column":0},"end":{"line":170,"column":98}}},"fnMap":{"0":{"name":"(anonymous_0)","decl":{"start":{"line":5,"column":22},"end":{"line":5,"column":23}},"loc":{"start":{"line":5,"column":42},"end":{"line":30,"column":1}},"line":5},"1":{"name":"(anonymous_1)","decl":{"start":{"line":32,"column":22},"end":{"line":32,"column":23}},"loc":{"start":{"line":32,"column":42},"end":{"line":74,"column":1}},"line":32},"2":{"name":"(anonymous_2)","decl":{"start":{"line":76,"column":22},"end":{"line":76,"column":23}},"loc":{"start":{"line":76,"column":42},"end":{"line":114,"column":1}},"line":76},"3":{"name":"(anonymous_3)","decl":{"start":{"line":116,"column":24},"end":{"line":116,"column":25}},"loc":{"start":{"line":116,"column":44},"end":{"line":131,"column":1}},"line":116},"4":{"name":"(anonymous_4)","decl":{"start":{"line":133,"column":23},"end":{"line":133,"column":24}},"loc":{"start":{"line":133,"column":43},"end":{"line":168,"column":1}},"line":133},"5":{"name":"(anonymous_5)","decl":{"start":{"line":139,"column":46},"end":{"line":139,"column":47}},"loc":{"start":{"line":139,"column":58},"end":{"line":161,"column":5}},"line":139}},"branchMap":{"0":{"loc":{"start":{"line":9,"column":4},"end":{"line":11,"column":5}},"type":"if","locations":[{"start":{"line":9,"column":4},"end":{"line":11,"column":5}},{"start":{},"end":{}}],"line":9},"1":{"loc":{"start":{"line":14,"column":4},"end":{"line":16,"column":5}},"type":"if","locations":[{"start":{"line":14,"column":4},"end":{"line":16,"column":5}},{"start":{},"end":{}}],"line":14},"2":{"loc":{"start":{"line":14,"column":8},"end":{"line":14,"column":34}},"type":"binary-expr","locations":[{"start":{"line":14,"column":8},"end":{"line":14,"column":13}},{"start":{"line":14,"column":17},"end":{"line":14,"column":34}}],"line":14},"3":{"loc":{"start":{"line":36,"column":4},"end":{"line":38,"column":5}},"type":"if","locations":[{"start":{"line":36,"column":4},"end":{"line":38,"column":5}},{"start":{},"end":{}}],"line":36},"4":{"loc":{"start":{"line":40,"column":4},"end":{"line":42,"column":5}},"type":"if","locations":[{"start":{"line":40,"column":4},"end":{"line":42,"column":5}},{"start":{},"end":{}}],"line":40},"5":{"loc":{"start":{"line":40,"column":8},"end":{"line":40,"column":61}},"type":"binary-expr","locations":[{"start":{"line":40,"column":8},"end":{"line":40,"column":15}},{"start":{"line":40,"column":19},"end":{"line":40,"column":61}}],"line":40},"6":{"loc":{"start":{"line":45,"column":4},"end":{"line":47,"column":5}},"type":"if","locations":[{"start":{"line":45,"column":4},"end":{"line":47,"column":5}},{"start":{},"end":{}}],"line":45},"7":{"loc":{"start":{"line":49,"column":4},"end":{"line":51,"column":5}},"type":"if","locations":[{"start":{"line":49,"column":4},"end":{"line":51,"column":5}},{"start":{},"end":{}}],"line":49},"8":{"loc":{"start":{"line":53,"column":4},"end":{"line":55,"column":5}},"type":"if","locations":[{"start":{"line":53,"column":4},"end":{"line":55,"column":5}},{"start":{},"end":{}}],"line":53},"9":{"loc":{"start":{"line":57,"column":4},"end":{"line":68,"column":5}},"type":"if","locations":[{"start":{"line":57,"column":4},"end":{"line":68,"column":5}},{"start":{"line":65,"column":11},"end":{"line":68,"column":5}}],"line":57},"10":{"loc":{"start":{"line":65,"column":11},"end":{"line":68,"column":5}},"type":"if","locations":[{"start":{"line":65,"column":11},"end":{"line":68,"column":5}},{"start":{},"end":{}}],"line":65},"11":{"loc":{"start":{"line":80,"column":4},"end":{"line":82,"column":5}},"type":"if","locations":[{"start":{"line":80,"column":4},"end":{"line":82,"column":5}},{"start":{},"end":{}}],"line":80},"12":{"loc":{"start":{"line":84,"column":4},"end":{"line":86,"column":5}},"type":"if","locations":[{"start":{"line":84,"column":4},"end":{"line":86,"column":5}},{"start":{},"end":{}}],"line":84},"13":{"loc":{"start":{"line":84,"column":8},"end":{"line":84,"column":40}},"type":"binary-expr","locations":[{"start":{"line":84,"column":8},"end":{"line":84,"column":15}},{"start":{"line":84,"column":19},"end":{"line":84,"column":40}}],"line":84},"14":{"loc":{"start":{"line":89,"column":4},"end":{"line":91,"column":5}},"type":"if","locations":[{"start":{"line":89,"column":4},"end":{"line":91,"column":5}},{"start":{},"end":{}}],"line":89},"15":{"loc":{"start":{"line":95,"column":4},"end":{"line":101,"column":5}},"type":"if","locations":[{"start":{"line":95,"column":4},"end":{"line":101,"column":5}},{"start":{},"end":{}}],"line":95},"16":{"loc":{"start":{"line":120,"column":4},"end":{"line":122,"column":5}},"type":"if","locations":[{"start":{"line":120,"column":4},"end":{"line":122,"column":5}},{"start":{},"end":{}}],"line":120},"17":{"loc":{"start":{"line":120,"column":8},"end":{"line":120,"column":83}},"type":"binary-expr","locations":[{"start":{"line":120,"column":8},"end":{"line":120,"column":14}},{"start":{"line":120,"column":18},"end":{"line":120,"column":83}}],"line":120},"18":{"loc":{"start":{"line":148,"column":12},"end":{"line":153,"column":14}},"type":"cond-expr","locations":[{"start":{"line":148,"column":29},"end":{"line":153,"column":7}},{"start":{"line":153,"column":10},"end":{"line":153,"column":14}}],"line":148},"19":{"loc":{"start":{"line":154,"column":12},"end":{"line":160,"column":14}},"type":"cond-expr","locations":[{"start":{"line":154,"column":29},"end":{"line":160,"column":7}},{"start":{"line":160,"column":10},"end":{"line":160,"column":14}}],"line":154}},"s":{"0":1,"1":1,"2":1,"3":1,"4":0,"5":0,"6":0,"7":0,"8":0,"9":0,"10":0,"11":0,"12":0,"13":0,"14":0,"15":1,"16":0,"17":0,"18":0,"19":0,"20":0,"21":0,"22":0,"23":0,"24":0,"25":0,"26":0,"27":0,"28":0,"29":0,"30":0,"31":0,"32":0,"33":0,"34":0,"35":0,"36":0,"37":0,"38":0,"39":0,"40":0,"41":1,"42":0,"43":0,"44":0,"45":0,"46":0,"47":0,"48":0,"49":0,"50":0,"51":0,"52":0,"53":0,"54":0,"55":0,"56":0,"57":0,"58":0,"59":0,"60":0,"61":0,"62":0,"63":0,"64":1,"65":0,"66":0,"67":0,"68":0,"69":0,"70":0,"71":0,"72":1,"73":0,"74":0,"75":0,"76":0,"77":0,"78":0,"79":0,"80":1},"f":{"0":0,"1":0,"2":0,"3":0,"4":0,"5":0},"b":{"0":[0,0],"1":[0,0],"2":[0,0],"3":[0,0],"4":[0,0],"5":[0,0],"6":[0,0],"7":[0,0],"8":[0,0],"9":[0,0],"10":[0,0],"11":[0,0],"12":[0,0],"13":[0,0],"14":[0,0],"15":[0,0],"16":[0,0],"17":[0,0],"18":[0,0],"19":[0,0]},"_coverageSchema":"1a1c01bbd47fc00a2c39e90264f33305004495a9","hash":"3d2fe9c6d3b96930b18137069f90f55662fc7695"}
,"/home/inno/Desktop/Sanghamitra-Satpathy/library-manager/library-manager/server/middlewares/auth-validator-middleware.js": {"path":"/home/inno/Desktop/Sanghamitra-Satpathy/library-manager/library-manager/server/middlewares/auth-validator-middleware.js","statementMap":{"0":{"start":{"line":1,"column":12},"end":{"line":1,"column":35}},"1":{"start":{"line":2,"column":22},"end":{"line":2,"column":53}},"2":{"start":{"line":4,"column":22},"end":{"line":20,"column":1}},"3":{"start":{"line":5,"column":18},"end":{"line":5,"column":60}},"4":{"start":{"line":7,"column":4},"end":{"line":9,"column":5}},"5":{"start":{"line":8,"column":8},"end":{"line":8,"column":65}},"6":{"start":{"line":11,"column":4},"end":{"line":18,"column":5}},"7":{"start":{"line":12,"column":24},"end":{"line":12,"column":65}},"8":{"start":{"line":13,"column":8},"end":{"line":13,"column":76}},"9":{"start":{"line":14,"column":8},"end":{"line":14,"column":15}},"10":{"start":{"line":16,"column":8},"end":{"line":16,"column":29}},"11":{"start":{"line":17,"column":8},"end":{"line":17,"column":58}},"12":{"start":{"line":22,"column":23},"end":{"line":29,"column":1}},"13":{"start":{"line":23,"column":4},"end":{"line":28,"column":6}},"14":{"start":{"line":24,"column":8},"end":{"line":26,"column":9}},"15":{"start":{"line":25,"column":12},"end":{"line":25,"column":66}},"16":{"start":{"line":27,"column":8},"end":{"line":27,"column":15}},"17":{"start":{"line":31,"column":0},"end":{"line":31,"column":51}}},"fnMap":{"0":{"name":"(anonymous_0)","decl":{"start":{"line":4,"column":22},"end":{"line":4,"column":23}},"loc":{"start":{"line":4,"column":48},"end":{"line":20,"column":1}},"line":4},"1":{"name":"(anonymous_1)","decl":{"start":{"line":22,"column":23},"end":{"line":22,"column":24}},"loc":{"start":{"line":22,"column":34},"end":{"line":29,"column":1}},"line":22},"2":{"name":"(anonymous_2)","decl":{"start":{"line":23,"column":11},"end":{"line":23,"column":12}},"loc":{"start":{"line":23,"column":31},"end":{"line":28,"column":5}},"line":23}},"branchMap":{"0":{"loc":{"start":{"line":7,"column":4},"end":{"line":9,"column":5}},"type":"if","locations":[{"start":{"line":7,"column":4},"end":{"line":9,"column":5}},{"start":{},"end":{}}],"line":7},"1":{"loc":{"start":{"line":24,"column":8},"end":{"line":26,"column":9}},"type":"if","locations":[{"start":{"line":24,"column":8},"end":{"line":26,"column":9}},{"start":{},"end":{}}],"line":24}},"s":{"0":1,"1":1,"2":1,"3":9,"4":9,"5":0,"6":9,"7":9,"8":9,"9":9,"10":0,"11":0,"12":1,"13":9,"14":7,"15":0,"16":7,"17":1},"f":{"0":9,"1":9,"2":7},"b":{"0":[0,9],"1":[0,7]},"_coverageSchema":"1a1c01bbd47fc00a2c39e90264f33305004495a9","hash":"d8b49c76e15adb7591469977406a977082ab181d"}
,"/home/inno/Desktop/Sanghamitra-Satpathy/library-manager/library-manager/server/models/book-model.js": {"path":"/home/inno/Desktop/Sanghamitra-Satpathy/library-manager/library-manager/server/models/book-model.js","statementMap":{"0":{"start":{"line":1,"column":17},"end":{"line":1,"column":36}},"1":{"start":{"line":3,"column":19},"end":{"line":25,"column":2}},"2":{"start":{"line":27,"column":18},"end":{"line":27,"column":52}},"3":{"start":{"line":29,"column":0},"end":{"line":31,"column":1}}},"fnMap":{},"branchMap":{},"s":{"0":1,"1":1,"2":1,"3":1},"f":{},"b":{},"_coverageSchema":"1a1c01bbd47fc00a2c39e90264f33305004495a9","hash":"b5b56e38c30ba3f4c0f85aaab12b3a6ae68e9966"}
,"/home/inno/Desktop/Sanghamitra-Satpathy/library-manager/library-manager/server/models/request-model.js": {"path":"/home/inno/Desktop/Sanghamitra-Satpathy/library-manager/library-manager/server/models/request-model.js","statementMap":{"0":{"start":{"line":1,"column":17},"end":{"line":1,"column":36}},"1":{"start":{"line":3,"column":22},"end":{"line":45,"column":2}},"2":{"start":{"line":46,"column":21},"end":{"line":46,"column":61}},"3":{"start":{"line":48,"column":0},"end":{"line":50,"column":1}}},"fnMap":{},"branchMap":{},"s":{"0":1,"1":1,"2":1,"3":1},"f":{},"b":{},"_coverageSchema":"1a1c01bbd47fc00a2c39e90264f33305004495a9","hash":"fcd5fb618162f5cfc42c811873446cf0b4fb24ac"}
,"/home/inno/Desktop/Sanghamitra-Satpathy/library-manager/library-manager/server/models/user-model.js": {"path":"/home/inno/Desktop/Sanghamitra-Satpathy/library-manager/library-manager/server/models/user-model.js","statementMap":{"0":{"start":{"line":1,"column":17},"end":{"line":1,"column":36}},"1":{"start":{"line":3,"column":19},"end":{"line":32,"column":2}},"2":{"start":{"line":34,"column":18},"end":{"line":34,"column":52}},"3":{"start":{"line":36,"column":0},"end":{"line":38,"column":1}}},"fnMap":{},"branchMap":{},"s":{"0":1,"1":1,"2":1,"3":1},"f":{},"b":{},"_coverageSchema":"1a1c01bbd47fc00a2c39e90264f33305004495a9","hash":"41a6ce52b89f5323dfe78fa7773b28634ea20f19"}
,"/home/inno/Desktop/Sanghamitra-Satpathy/library-manager/library-manager/server/routes/admin-route.js": {"path":"/home/inno/Desktop/Sanghamitra-Satpathy/library-manager/library-manager/server/routes/admin-route.js","statementMap":{"0":{"start":{"line":1,"column":16},"end":{"line":1,"column":34}},"1":{"start":{"line":2,"column":42},"end":{"line":2,"column":93}},"2":{"start":{"line":3,"column":34},"end":{"line":3,"column":76}},"3":{"start":{"line":4,"column":28},"end":{"line":4,"column":72}},"4":{"start":{"line":5,"column":20},"end":{"line":5,"column":36}},"5":{"start":{"line":7,"column":0},"end":{"line":7,"column":89}},"6":{"start":{"line":9,"column":0},"end":{"line":9,"column":96}},"7":{"start":{"line":11,"column":0},"end":{"line":11,"column":103}},"8":{"start":{"line":13,"column":0},"end":{"line":13,"column":29}}},"fnMap":{},"branchMap":{},"s":{"0":1,"1":1,"2":1,"3":1,"4":1,"5":1,"6":1,"7":1,"8":1},"f":{},"b":{},"_coverageSchema":"1a1c01bbd47fc00a2c39e90264f33305004495a9","hash":"0141c9dcabc70cc1dc1b515b4fd010c6c25d898a"}
,"/home/inno/Desktop/Sanghamitra-Satpathy/library-manager/library-manager/server/routes/auth-route.js": {"path":"/home/inno/Desktop/Sanghamitra-Satpathy/library-manager/library-manager/server/routes/auth-route.js","statementMap":{"0":{"start":{"line":1,"column":16},"end":{"line":1,"column":34}},"1":{"start":{"line":2,"column":28},"end":{"line":2,"column":69}},"2":{"start":{"line":3,"column":19},"end":{"line":3,"column":35}},"3":{"start":{"line":5,"column":0},"end":{"line":5,"column":39}},"4":{"start":{"line":6,"column":0},"end":{"line":6,"column":33}},"5":{"start":{"line":8,"column":0},"end":{"line":8,"column":28}}},"fnMap":{},"branchMap":{},"s":{"0":1,"1":1,"2":1,"3":1,"4":1,"5":1},"f":{},"b":{},"_coverageSchema":"1a1c01bbd47fc00a2c39e90264f33305004495a9","hash":"f4da07951acf1fa21f01d6293c895b11c51bdaf2"}
,"/home/inno/Desktop/Sanghamitra-Satpathy/library-manager/library-manager/server/routes/book-route.js": {"path":"/home/inno/Desktop/Sanghamitra-Satpathy/library-manager/library-manager/server/routes/book-route.js","statementMap":{"0":{"start":{"line":1,"column":16},"end":{"line":1,"column":34}},"1":{"start":{"line":2,"column":42},"end":{"line":2,"column":93}},"2":{"start":{"line":3,"column":46},"end":{"line":3,"column":87}},"3":{"start":{"line":4,"column":19},"end":{"line":4,"column":35}},"4":{"start":{"line":6,"column":0},"end":{"line":6,"column":72}},"5":{"start":{"line":7,"column":0},"end":{"line":7,"column":48}},"6":{"start":{"line":8,"column":0},"end":{"line":8,"column":61}},"7":{"start":{"line":10,"column":0},"end":{"line":10,"column":28}}},"fnMap":{},"branchMap":{},"s":{"0":1,"1":1,"2":1,"3":1,"4":1,"5":1,"6":1,"7":1},"f":{},"b":{},"_coverageSchema":"1a1c01bbd47fc00a2c39e90264f33305004495a9","hash":"f26180785959ed20b373aef757383c6f8a941f28"}
,"/home/inno/Desktop/Sanghamitra-Satpathy/library-manager/library-manager/server/routes/request-route.js": {"path":"/home/inno/Desktop/Sanghamitra-Satpathy/library-manager/library-manager/server/routes/request-route.js","statementMap":{"0":{"start":{"line":1,"column":16},"end":{"line":1,"column":34}},"1":{"start":{"line":2,"column":89},"end":{"line":2,"column":133}},"2":{"start":{"line":3,"column":42},"end":{"line":3,"column":93}},"3":{"start":{"line":4,"column":22},"end":{"line":4,"column":38}},"4":{"start":{"line":6,"column":0},"end":{"line":6,"column":80}},"5":{"start":{"line":8,"column":0},"end":{"line":8,"column":86}},"6":{"start":{"line":10,"column":0},"end":{"line":10,"column":87}},"7":{"start":{"line":12,"column":0},"end":{"line":12,"column":92}},"8":{"start":{"line":14,"column":0},"end":{"line":14,"column":93}},"9":{"start":{"line":16,"column":0},"end":{"line":16,"column":31}}},"fnMap":{},"branchMap":{},"s":{"0":1,"1":1,"2":1,"3":1,"4":1,"5":1,"6":1,"7":1,"8":1,"9":1},"f":{},"b":{},"_coverageSchema":"1a1c01bbd47fc00a2c39e90264f33305004495a9","hash":"b2ef521d20dd90d7dc531a804007cb70d70d1fc3"}
}
