{"/home/inno/Desktop/Sanghamitra-Satpathy/library-manager/library-manager/server/index.js": {"path":"/home/inno/Desktop/Sanghamitra-Satpathy/library-manager/library-manager/server/index.js","statementMap":{"0":{"start":{"line":1,"column":16},"end":{"line":1,"column":34}},"1":{"start":{"line":2,"column":23},"end":{"line":2,"column":45}},"2":{"start":{"line":3,"column":19},"end":{"line":3,"column":49}},"3":{"start":{"line":4,"column":22},"end":{"line":4,"column":55}},"4":{"start":{"line":5,"column":20},"end":{"line":5,"column":51}},"5":{"start":{"line":6,"column":19},"end":{"line":6,"column":49}},"6":{"start":{"line":10,"column":0},"end":{"line":10,"column":27}},"7":{"start":{"line":11,"column":13},"end":{"line":11,"column":37}},"8":{"start":{"line":13,"column":12},"end":{"line":13,"column":21}},"9":{"start":{"line":15,"column":0},"end":{"line":15,"column":24}},"10":{"start":{"line":17,"column":13},"end":{"line":17,"column":28}},"11":{"start":{"line":18,"column":23},"end":{"line":18,"column":57}},"12":{"start":{"line":20,"column":0},"end":{"line":24,"column":4}},"13":{"start":{"line":26,"column":0},"end":{"line":32,"column":2}},"14":{"start":{"line":27,"column":4},"end":{"line":31,"column":5}},"15":{"start":{"line":28,"column":8},"end":{"line":28,"column":47}},"16":{"start":{"line":30,"column":8},"end":{"line":30,"column":26}},"17":{"start":{"line":34,"column":0},"end":{"line":34,"column":33}},"18":{"start":{"line":35,"column":0},"end":{"line":35,"column":34}},"19":{"start":{"line":36,"column":0},"end":{"line":36,"column":40}},"20":{"start":{"line":37,"column":0},"end":{"line":37,"column":35}},"21":{"start":{"line":38,"column":0},"end":{"line":38,"column":43}},"22":{"start":{"line":53,"column":0},"end":{"line":53,"column":21}}},"fnMap":{"0":{"name":"(anonymous_0)","decl":{"start":{"line":26,"column":13},"end":{"line":26,"column":14}},"loc":{"start":{"line":26,"column":33},"end":{"line":32,"column":1}},"line":26}},"branchMap":{"0":{"loc":{"start":{"line":11,"column":13},"end":{"line":11,"column":37}},"type":"binary-expr","locations":[{"start":{"line":11,"column":13},"end":{"line":11,"column":29}},{"start":{"line":11,"column":33},"end":{"line":11,"column":37}}],"line":11}},"s":{"0":1,"1":1,"2":1,"3":1,"4":1,"5":1,"6":1,"7":1,"8":1,"9":1,"10":1,"11":1,"12":1,"13":1,"14":0,"15":0,"16":0,"17":1,"18":1,"19":1,"20":1,"21":1,"22":1},"f":{"0":0},"b":{"0":[1,1]},"_coverageSchema":"1a1c01bbd47fc00a2c39e90264f33305004495a9","hash":"5a55cabe6bc22e76dfcadd6560ec096518a7171b"}
,"/home/inno/Desktop/Sanghamitra-Satpathy/library-manager/library-manager/server/server.js": {"path":"/home/inno/Desktop/Sanghamitra-Satpathy/library-manager/library-manager/server/server.js","statementMap":{"0":{"start":{"line":1,"column":13},"end":{"line":1,"column":28}},"1":{"start":{"line":2,"column":12},"end":{"line":2,"column":30}},"2":{"start":{"line":3,"column":23},"end":{"line":3,"column":45}},"3":{"start":{"line":4,"column":0},"end":{"line":4,"column":27}},"4":{"start":{"line":7,"column":13},"end":{"line":7,"column":37}},"5":{"start":{"line":9,"column":20},"end":{"line":30,"column":1}},"6":{"start":{"line":10,"column":4},"end":{"line":13,"column":5}},"7":{"start":{"line":11,"column":8},"end":{"line":11,"column":50}},"8":{"start":{"line":12,"column":8},"end":{"line":12,"column":15}},"9":{"start":{"line":15,"column":4},"end":{"line":15,"column":36}},"10":{"start":{"line":17,"column":4},"end":{"line":29,"column":7}},"11":{"start":{"line":18,"column":8},"end":{"line":28,"column":11}},"12":{"start":{"line":19,"column":12},"end":{"line":27,"column":13}},"13":{"start":{"line":20,"column":16},"end":{"line":20,"column":33}},"14":{"start":{"line":23,"column":16},"end":{"line":23,"column":26}},"15":{"start":{"line":26,"column":16},"end":{"line":26,"column":30}},"16":{"start":{"line":31,"column":20},"end":{"line":48,"column":1}},"17":{"start":{"line":32,"column":4},"end":{"line":47,"column":7}},"18":{"start":{"line":33,"column":8},"end":{"line":46,"column":9}},"19":{"start":{"line":34,"column":12},"end":{"line":42,"column":15}},"20":{"start":{"line":35,"column":16},"end":{"line":39,"column":17}},"21":{"start":{"line":36,"column":20},"end":{"line":36,"column":64}},"22":{"start":{"line":38,"column":20},"end":{"line":38,"column":49}},"23":{"start":{"line":40,"column":16},"end":{"line":40,"column":30}},"24":{"start":{"line":41,"column":16},"end":{"line":41,"column":26}},"25":{"start":{"line":44,"column":12},"end":{"line":44,"column":50}},"26":{"start":{"line":45,"column":12},"end":{"line":45,"column":22}},"27":{"start":{"line":50,"column":0},"end":{"line":50,"column":46}}},"fnMap":{"0":{"name":"(anonymous_0)","decl":{"start":{"line":9,"column":20},"end":{"line":9,"column":21}},"loc":{"start":{"line":9,"column":32},"end":{"line":30,"column":1}},"line":9},"1":{"name":"(anonymous_1)","decl":{"start":{"line":17,"column":22},"end":{"line":17,"column":23}},"loc":{"start":{"line":17,"column":43},"end":{"line":29,"column":5}},"line":17},"2":{"name":"(anonymous_2)","decl":{"start":{"line":18,"column":28},"end":{"line":18,"column":29}},"loc":{"start":{"line":18,"column":40},"end":{"line":28,"column":9}},"line":18},"3":{"name":"(anonymous_3)","decl":{"start":{"line":31,"column":20},"end":{"line":31,"column":21}},"loc":{"start":{"line":31,"column":26},"end":{"line":48,"column":1}},"line":31},"4":{"name":"(anonymous_4)","decl":{"start":{"line":32,"column":23},"end":{"line":32,"column":24}},"loc":{"start":{"line":32,"column":36},"end":{"line":47,"column":5}},"line":32},"5":{"name":"(anonymous_5)","decl":{"start":{"line":34,"column":25},"end":{"line":34,"column":26}},"loc":{"start":{"line":34,"column":34},"end":{"line":42,"column":13}},"line":34}},"branchMap":{"0":{"loc":{"start":{"line":7,"column":13},"end":{"line":7,"column":37}},"type":"binary-expr","locations":[{"start":{"line":7,"column":13},"end":{"line":7,"column":29}},{"start":{"line":7,"column":33},"end":{"line":7,"column":37}}],"line":7},"1":{"loc":{"start":{"line":10,"column":4},"end":{"line":13,"column":5}},"type":"if","locations":[{"start":{"line":10,"column":4},"end":{"line":13,"column":5}},{"start":{},"end":{}}],"line":10},"2":{"loc":{"start":{"line":33,"column":8},"end":{"line":46,"column":9}},"type":"if","locations":[{"start":{"line":33,"column":8},"end":{"line":46,"column":9}},{"start":{"line":43,"column":15},"end":{"line":46,"column":9}}],"line":33},"3":{"loc":{"start":{"line":35,"column":16},"end":{"line":39,"column":17}},"type":"if","locations":[{"start":{"line":35,"column":16},"end":{"line":39,"column":17}},{"start":{"line":37,"column":23},"end":{"line":39,"column":17}}],"line":35}},"s":{"0":1,"1":1,"2":1,"3":1,"4":1,"5":1,"6":4,"7":0,"8":0,"9":4,"10":4,"11":4,"12":4,"13":4,"14":4,"15":0,"16":1,"17":8,"18":8,"19":4,"20":4,"21":0,"22":4,"23":4,"24":4,"25":4,"26":4,"27":1},"f":{"0":4,"1":4,"2":4,"3":8,"4":8,"5":4},"b":{"0":[1,1],"1":[0,4],"2":[4,4],"3":[0,4]},"_coverageSchema":"1a1c01bbd47fc00a2c39e90264f33305004495a9","hash":"bf4a0ec948e17652b81933dc09b70c215fb808b3"}
,"/home/inno/Desktop/Sanghamitra-Satpathy/library-manager/library-manager/server/config/db.js": {"path":"/home/inno/Desktop/Sanghamitra-Satpathy/library-manager/library-manager/server/config/db.js","statementMap":{"0":{"start":{"line":1,"column":17},"end":{"line":1,"column":36}},"1":{"start":{"line":3,"column":0},"end":{"line":3,"column":27}},"2":{"start":{"line":5,"column":19},"end":{"line":5,"column":57}},"3":{"start":{"line":7,"column":0},"end":{"line":9,"column":1}}},"fnMap":{},"branchMap":{},"s":{"0":1,"1":1,"2":1,"3":1},"f":{},"b":{},"_coverageSchema":"1a1c01bbd47fc00a2c39e90264f33305004495a9","hash":"24a6b3d31f7ad93de260bf5169b35debe373369f"}
,"/home/inno/Desktop/Sanghamitra-Satpathy/library-manager/library-manager/server/controllers/admin-controller.js": {"path":"/home/inno/Desktop/Sanghamitra-Satpathy/library-manager/library-manager/server/controllers/admin-controller.js","statementMap":{"0":{"start":{"line":1,"column":22},"end":{"line":1,"column":53}},"1":{"start":{"line":2,"column":15},"end":{"line":2,"column":32}},"2":{"start":{"line":3,"column":18},"end":{"line":3,"column":38}},"3":{"start":{"line":5,"column":17},"end":{"line":55,"column":1}},"4":{"start":{"line":6,"column":2},"end":{"line":54,"column":3}},"5":{"start":{"line":7,"column":52},"end":{"line":7,"column":60}},"6":{"start":{"line":9,"column":4},"end":{"line":11,"column":5}},"7":{"start":{"line":10,"column":6},"end":{"line":10,"column":103}},"8":{"start":{"line":13,"column":4},"end":{"line":15,"column":5}},"9":{"start":{"line":14,"column":6},"end":{"line":14,"column":96}},"10":{"start":{"line":17,"column":4},"end":{"line":19,"column":5}},"11":{"start":{"line":18,"column":6},"end":{"line":18,"column":81}},"12":{"start":{"line":21,"column":4},"end":{"line":23,"column":5}},"13":{"start":{"line":22,"column":6},"end":{"line":22,"column":87}},"14":{"start":{"line":24,"column":4},"end":{"line":26,"column":5}},"15":{"start":{"line":25,"column":6},"end":{"line":25,"column":72}},"16":{"start":{"line":28,"column":4},"end":{"line":30,"column":5}},"17":{"start":{"line":29,"column":6},"end":{"line":29,"column":95}},"18":{"start":{"line":32,"column":4},"end":{"line":34,"column":5}},"19":{"start":{"line":33,"column":6},"end":{"line":33,"column":127}},"20":{"start":{"line":36,"column":25},"end":{"line":36,"column":62}},"21":{"start":{"line":37,"column":29},"end":{"line":37,"column":66}},"22":{"start":{"line":39,"column":4},"end":{"line":41,"column":5}},"23":{"start":{"line":40,"column":6},"end":{"line":40,"column":75}},"24":{"start":{"line":43,"column":4},"end":{"line":45,"column":5}},"25":{"start":{"line":44,"column":6},"end":{"line":44,"column":75}},"26":{"start":{"line":47,"column":27},"end":{"line":47,"column":58}},"27":{"start":{"line":48,"column":21},"end":{"line":48,"column":106}},"28":{"start":{"line":49,"column":4},"end":{"line":49,"column":26}},"29":{"start":{"line":51,"column":4},"end":{"line":51,"column":55}},"30":{"start":{"line":53,"column":4},"end":{"line":53,"column":53}},"31":{"start":{"line":57,"column":20},"end":{"line":64,"column":1}},"32":{"start":{"line":58,"column":2},"end":{"line":63,"column":3}},"33":{"start":{"line":59,"column":18},"end":{"line":59,"column":40}},"34":{"start":{"line":60,"column":4},"end":{"line":60,"column":20}},"35":{"start":{"line":62,"column":4},"end":{"line":62,"column":53}},"36":{"start":{"line":66,"column":21},"end":{"line":73,"column":1}},"37":{"start":{"line":67,"column":2},"end":{"line":72,"column":3}},"38":{"start":{"line":68,"column":21},"end":{"line":68,"column":80}},"39":{"start":{"line":69,"column":6},"end":{"line":69,"column":23}},"40":{"start":{"line":71,"column":6},"end":{"line":71,"column":55}},"41":{"start":{"line":75,"column":0},"end":{"line":75,"column":57}},"42":{"start":{"line":78,"column":0},"end":{"line":78,"column":57}}},"fnMap":{"0":{"name":"(anonymous_0)","decl":{"start":{"line":5,"column":17},"end":{"line":5,"column":18}},"loc":{"start":{"line":5,"column":37},"end":{"line":55,"column":1}},"line":5},"1":{"name":"(anonymous_1)","decl":{"start":{"line":57,"column":20},"end":{"line":57,"column":21}},"loc":{"start":{"line":57,"column":40},"end":{"line":64,"column":1}},"line":57},"2":{"name":"(anonymous_2)","decl":{"start":{"line":66,"column":21},"end":{"line":66,"column":22}},"loc":{"start":{"line":66,"column":41},"end":{"line":73,"column":1}},"line":66}},"branchMap":{"0":{"loc":{"start":{"line":9,"column":4},"end":{"line":11,"column":5}},"type":"if","locations":[{"start":{"line":9,"column":4},"end":{"line":11,"column":5}},{"start":{},"end":{}}],"line":9},"1":{"loc":{"start":{"line":9,"column":8},"end":{"line":9,"column":53}},"type":"binary-expr","locations":[{"start":{"line":9,"column":8},"end":{"line":9,"column":17}},{"start":{"line":9,"column":21},"end":{"line":9,"column":30}},{"start":{"line":9,"column":34},"end":{"line":9,"column":43}},{"start":{"line":9,"column":47},"end":{"line":9,"column":53}}],"line":9},"2":{"loc":{"start":{"line":13,"column":4},"end":{"line":15,"column":5}},"type":"if","locations":[{"start":{"line":13,"column":4},"end":{"line":15,"column":5}},{"start":{},"end":{}}],"line":13},"3":{"loc":{"start":{"line":13,"column":8},"end":{"line":13,"column":51}},"type":"binary-expr","locations":[{"start":{"line":13,"column":8},"end":{"line":13,"column":27}},{"start":{"line":13,"column":31},"end":{"line":13,"column":51}}],"line":13},"4":{"loc":{"start":{"line":17,"column":4},"end":{"line":19,"column":5}},"type":"if","locations":[{"start":{"line":17,"column":4},"end":{"line":19,"column":5}},{"start":{},"end":{}}],"line":17},"5":{"loc":{"start":{"line":21,"column":4},"end":{"line":23,"column":5}},"type":"if","locations":[{"start":{"line":21,"column":4},"end":{"line":23,"column":5}},{"start":{},"end":{}}],"line":21},"6":{"loc":{"start":{"line":21,"column":8},"end":{"line":21,"column":68}},"type":"binary-expr","locations":[{"start":{"line":21,"column":8},"end":{"line":21,"column":36}},{"start":{"line":21,"column":40},"end":{"line":21,"column":68}}],"line":21},"7":{"loc":{"start":{"line":24,"column":4},"end":{"line":26,"column":5}},"type":"if","locations":[{"start":{"line":24,"column":4},"end":{"line":26,"column":5}},{"start":{},"end":{}}],"line":24},"8":{"loc":{"start":{"line":28,"column":4},"end":{"line":30,"column":5}},"type":"if","locations":[{"start":{"line":28,"column":4},"end":{"line":30,"column":5}},{"start":{},"end":{}}],"line":28},"9":{"loc":{"start":{"line":32,"column":4},"end":{"line":34,"column":5}},"type":"if","locations":[{"start":{"line":32,"column":4},"end":{"line":34,"column":5}},{"start":{},"end":{}}],"line":32},"10":{"loc":{"start":{"line":32,"column":8},"end":{"line":32,"column":117}},"type":"binary-expr","locations":[{"start":{"line":32,"column":8},"end":{"line":32,"column":31}},{"start":{"line":32,"column":35},"end":{"line":32,"column":58}},{"start":{"line":32,"column":62},"end":{"line":32,"column":85}},{"start":{"line":32,"column":89},"end":{"line":32,"column":117}}],"line":32},"11":{"loc":{"start":{"line":39,"column":4},"end":{"line":41,"column":5}},"type":"if","locations":[{"start":{"line":39,"column":4},"end":{"line":41,"column":5}},{"start":{},"end":{}}],"line":39},"12":{"loc":{"start":{"line":43,"column":4},"end":{"line":45,"column":5}},"type":"if","locations":[{"start":{"line":43,"column":4},"end":{"line":45,"column":5}},{"start":{},"end":{}}],"line":43}},"s":{"0":1,"1":1,"2":1,"3":1,"4":17,"5":17,"6":17,"7":1,"8":16,"9":0,"10":16,"11":0,"12":16,"13":0,"14":16,"15":1,"16":15,"17":1,"18":14,"19":0,"20":14,"21":14,"22":14,"23":1,"24":13,"25":0,"26":13,"27":13,"28":13,"29":13,"30":0,"31":1,"32":0,"33":0,"34":0,"35":0,"36":1,"37":0,"38":0,"39":0,"40":0,"41":1,"42":1},"f":{"0":17,"1":0,"2":0},"b":{"0":[1,16],"1":[17,16,16,16],"2":[0,16],"3":[16,16],"4":[0,16],"5":[0,16],"6":[16,16],"7":[1,15],"8":[1,14],"9":[0,14],"10":[14,14,14,14],"11":[1,13],"12":[0,13]},"_coverageSchema":"1a1c01bbd47fc00a2c39e90264f33305004495a9","hash":"4436f75bed9810e596ad9e59827c88962f958619"}
,"/home/inno/Desktop/Sanghamitra-Satpathy/library-manager/library-manager/server/controllers/auth-controller.js": {"path":"/home/inno/Desktop/Sanghamitra-Satpathy/library-manager/library-manager/server/controllers/auth-controller.js","statementMap":{"0":{"start":{"line":1,"column":15},"end":{"line":1,"column":32}},"1":{"start":{"line":2,"column":12},"end":{"line":2,"column":35}},"2":{"start":{"line":3,"column":22},"end":{"line":3,"column":53}},"3":{"start":{"line":4,"column":18},"end":{"line":4,"column":38}},"4":{"start":{"line":6,"column":19},"end":{"line":6,"column":42}},"5":{"start":{"line":8,"column":17},"end":{"line":49,"column":1}},"6":{"start":{"line":9,"column":2},"end":{"line":48,"column":3}},"7":{"start":{"line":11,"column":48},"end":{"line":11,"column":56}},"8":{"start":{"line":13,"column":4},"end":{"line":15,"column":5}},"9":{"start":{"line":14,"column":6},"end":{"line":14,"column":94}},"10":{"start":{"line":17,"column":4},"end":{"line":19,"column":5}},"11":{"start":{"line":18,"column":6},"end":{"line":18,"column":96}},"12":{"start":{"line":21,"column":4},"end":{"line":23,"column":5}},"13":{"start":{"line":22,"column":6},"end":{"line":22,"column":72}},"14":{"start":{"line":24,"column":4},"end":{"line":26,"column":5}},"15":{"start":{"line":25,"column":6},"end":{"line":25,"column":110}},"16":{"start":{"line":28,"column":4},"end":{"line":30,"column":5}},"17":{"start":{"line":29,"column":6},"end":{"line":29,"column":95}},"18":{"start":{"line":32,"column":4},"end":{"line":34,"column":5}},"19":{"start":{"line":33,"column":6},"end":{"line":33,"column":127}},"20":{"start":{"line":36,"column":25},"end":{"line":36,"column":84}},"21":{"start":{"line":37,"column":4},"end":{"line":39,"column":5}},"22":{"start":{"line":38,"column":6},"end":{"line":38,"column":84}},"23":{"start":{"line":41,"column":27},"end":{"line":41,"column":58}},"24":{"start":{"line":42,"column":17},"end":{"line":42,"column":89}},"25":{"start":{"line":43,"column":4},"end":{"line":43,"column":22}},"26":{"start":{"line":45,"column":4},"end":{"line":45,"column":60}},"27":{"start":{"line":47,"column":4},"end":{"line":47,"column":53}},"28":{"start":{"line":51,"column":14},"end":{"line":73,"column":1}},"29":{"start":{"line":52,"column":2},"end":{"line":72,"column":3}},"30":{"start":{"line":53,"column":32},"end":{"line":53,"column":40}},"31":{"start":{"line":55,"column":4},"end":{"line":57,"column":5}},"32":{"start":{"line":56,"column":6},"end":{"line":56,"column":83}},"33":{"start":{"line":59,"column":4},"end":{"line":61,"column":5}},"34":{"start":{"line":60,"column":6},"end":{"line":60,"column":72}},"35":{"start":{"line":63,"column":17},"end":{"line":63,"column":51}},"36":{"start":{"line":64,"column":4},"end":{"line":66,"column":5}},"37":{"start":{"line":65,"column":6},"end":{"line":65,"column":70}},"38":{"start":{"line":68,"column":18},"end":{"line":68,"column":85}},"39":{"start":{"line":69,"column":4},"end":{"line":69,"column":30}},"40":{"start":{"line":71,"column":4},"end":{"line":71,"column":53}},"41":{"start":{"line":75,"column":0},"end":{"line":75,"column":37}}},"fnMap":{"0":{"name":"(anonymous_0)","decl":{"start":{"line":8,"column":17},"end":{"line":8,"column":18}},"loc":{"start":{"line":8,"column":37},"end":{"line":49,"column":1}},"line":8},"1":{"name":"(anonymous_1)","decl":{"start":{"line":51,"column":14},"end":{"line":51,"column":15}},"loc":{"start":{"line":51,"column":34},"end":{"line":73,"column":1}},"line":51}},"branchMap":{"0":{"loc":{"start":{"line":13,"column":4},"end":{"line":15,"column":5}},"type":"if","locations":[{"start":{"line":13,"column":4},"end":{"line":15,"column":5}},{"start":{},"end":{}}],"line":13},"1":{"loc":{"start":{"line":13,"column":8},"end":{"line":13,"column":40}},"type":"binary-expr","locations":[{"start":{"line":13,"column":8},"end":{"line":13,"column":17}},{"start":{"line":13,"column":21},"end":{"line":13,"column":30}},{"start":{"line":13,"column":34},"end":{"line":13,"column":40}}],"line":13},"2":{"loc":{"start":{"line":17,"column":4},"end":{"line":19,"column":5}},"type":"if","locations":[{"start":{"line":17,"column":4},"end":{"line":19,"column":5}},{"start":{},"end":{}}],"line":17},"3":{"loc":{"start":{"line":17,"column":8},"end":{"line":17,"column":51}},"type":"binary-expr","locations":[{"start":{"line":17,"column":8},"end":{"line":17,"column":27}},{"start":{"line":17,"column":31},"end":{"line":17,"column":51}}],"line":17},"4":{"loc":{"start":{"line":21,"column":4},"end":{"line":23,"column":5}},"type":"if","locations":[{"start":{"line":21,"column":4},"end":{"line":23,"column":5}},{"start":{},"end":{}}],"line":21},"5":{"loc":{"start":{"line":24,"column":4},"end":{"line":26,"column":5}},"type":"if","locations":[{"start":{"line":24,"column":4},"end":{"line":26,"column":5}},{"start":{},"end":{}}],"line":24},"6":{"loc":{"start":{"line":24,"column":8},"end":{"line":24,"column":42}},"type":"binary-expr","locations":[{"start":{"line":24,"column":8},"end":{"line":24,"column":12}},{"start":{"line":24,"column":16},"end":{"line":24,"column":42}}],"line":24},"7":{"loc":{"start":{"line":28,"column":4},"end":{"line":30,"column":5}},"type":"if","locations":[{"start":{"line":28,"column":4},"end":{"line":30,"column":5}},{"start":{},"end":{}}],"line":28},"8":{"loc":{"start":{"line":32,"column":4},"end":{"line":34,"column":5}},"type":"if","locations":[{"start":{"line":32,"column":4},"end":{"line":34,"column":5}},{"start":{},"end":{}}],"line":32},"9":{"loc":{"start":{"line":32,"column":8},"end":{"line":32,"column":117}},"type":"binary-expr","locations":[{"start":{"line":32,"column":8},"end":{"line":32,"column":31}},{"start":{"line":32,"column":35},"end":{"line":32,"column":58}},{"start":{"line":32,"column":62},"end":{"line":32,"column":85}},{"start":{"line":32,"column":89},"end":{"line":32,"column":117}}],"line":32},"10":{"loc":{"start":{"line":37,"column":4},"end":{"line":39,"column":5}},"type":"if","locations":[{"start":{"line":37,"column":4},"end":{"line":39,"column":5}},{"start":{},"end":{}}],"line":37},"11":{"loc":{"start":{"line":55,"column":4},"end":{"line":57,"column":5}},"type":"if","locations":[{"start":{"line":55,"column":4},"end":{"line":57,"column":5}},{"start":{},"end":{}}],"line":55},"12":{"loc":{"start":{"line":55,"column":8},"end":{"line":55,"column":27}},"type":"binary-expr","locations":[{"start":{"line":55,"column":8},"end":{"line":55,"column":14}},{"start":{"line":55,"column":18},"end":{"line":55,"column":27}}],"line":55},"13":{"loc":{"start":{"line":59,"column":4},"end":{"line":61,"column":5}},"type":"if","locations":[{"start":{"line":59,"column":4},"end":{"line":61,"column":5}},{"start":{},"end":{}}],"line":59},"14":{"loc":{"start":{"line":64,"column":4},"end":{"line":66,"column":5}},"type":"if","locations":[{"start":{"line":64,"column":4},"end":{"line":66,"column":5}},{"start":{},"end":{}}],"line":64},"15":{"loc":{"start":{"line":64,"column":8},"end":{"line":64,"column":65}},"type":"binary-expr","locations":[{"start":{"line":64,"column":8},"end":{"line":64,"column":13}},{"start":{"line":64,"column":17},"end":{"line":64,"column":65}}],"line":64}},"s":{"0":1,"1":1,"2":1,"3":1,"4":1,"5":1,"6":27,"7":27,"8":27,"9":0,"10":27,"11":0,"12":27,"13":0,"14":27,"15":0,"16":27,"17":0,"18":27,"19":0,"20":27,"21":27,"22":0,"23":27,"24":27,"25":27,"26":27,"27":0,"28":1,"29":37,"30":37,"31":37,"32":0,"33":37,"34":0,"35":37,"36":37,"37":0,"38":37,"39":37,"40":0,"41":1},"f":{"0":27,"1":37},"b":{"0":[0,27],"1":[27,27,27],"2":[0,27],"3":[27,27],"4":[0,27],"5":[0,27],"6":[27,17],"7":[0,27],"8":[0,27],"9":[27,27,27,27],"10":[0,27],"11":[0,37],"12":[37,37],"13":[0,37],"14":[0,37],"15":[37,37]},"_coverageSchema":"1a1c01bbd47fc00a2c39e90264f33305004495a9","hash":"fc775da511f48489efaaf84fccff4b7f509c9863"}
,"/home/inno/Desktop/Sanghamitra-Satpathy/library-manager/library-manager/server/controllers/book-controller.js": {"path":"/home/inno/Desktop/Sanghamitra-Satpathy/library-manager/library-manager/server/controllers/book-controller.js","statementMap":{"0":{"start":{"line":1,"column":22},"end":{"line":1,"column":53}},"1":{"start":{"line":3,"column":16},"end":{"line":38,"column":1}},"2":{"start":{"line":4,"column":2},"end":{"line":37,"column":3}},"3":{"start":{"line":5,"column":53},"end":{"line":5,"column":61}},"4":{"start":{"line":7,"column":4},"end":{"line":9,"column":5}},"5":{"start":{"line":8,"column":6},"end":{"line":8,"column":106}},"6":{"start":{"line":11,"column":4},"end":{"line":13,"column":5}},"7":{"start":{"line":12,"column":6},"end":{"line":12,"column":84}},"8":{"start":{"line":15,"column":4},"end":{"line":17,"column":5}},"9":{"start":{"line":16,"column":6},"end":{"line":16,"column":85}},"10":{"start":{"line":19,"column":4},"end":{"line":21,"column":5}},"11":{"start":{"line":20,"column":6},"end":{"line":20,"column":91}},"12":{"start":{"line":23,"column":24},"end":{"line":23,"column":48}},"13":{"start":{"line":24,"column":27},"end":{"line":24,"column":52}},"14":{"start":{"line":25,"column":4},"end":{"line":27,"column":5}},"15":{"start":{"line":26,"column":6},"end":{"line":26,"column":96}},"16":{"start":{"line":29,"column":4},"end":{"line":31,"column":5}},"17":{"start":{"line":30,"column":6},"end":{"line":30,"column":77}},"18":{"start":{"line":32,"column":17},"end":{"line":32,"column":101}},"19":{"start":{"line":33,"column":4},"end":{"line":33,"column":22}},"20":{"start":{"line":34,"column":4},"end":{"line":34,"column":31}},"21":{"start":{"line":36,"column":4},"end":{"line":36,"column":53}},"22":{"start":{"line":40,"column":20},"end":{"line":52,"column":1}},"23":{"start":{"line":41,"column":2},"end":{"line":51,"column":3}},"24":{"start":{"line":42,"column":17},"end":{"line":42,"column":19}},"25":{"start":{"line":43,"column":4},"end":{"line":45,"column":5}},"26":{"start":{"line":44,"column":6},"end":{"line":44,"column":42}},"27":{"start":{"line":47,"column":18},"end":{"line":47,"column":46}},"28":{"start":{"line":48,"column":4},"end":{"line":48,"column":20}},"29":{"start":{"line":50,"column":4},"end":{"line":50,"column":53}},"30":{"start":{"line":54,"column":20},"end":{"line":58,"column":1}},"31":{"start":{"line":55,"column":20},"end":{"line":55,"column":30}},"32":{"start":{"line":56,"column":16},"end":{"line":56,"column":71}},"33":{"start":{"line":57,"column":2},"end":{"line":57,"column":18}},"34":{"start":{"line":60,"column":0},"end":{"line":60,"column":55}}},"fnMap":{"0":{"name":"(anonymous_0)","decl":{"start":{"line":3,"column":16},"end":{"line":3,"column":17}},"loc":{"start":{"line":3,"column":36},"end":{"line":38,"column":1}},"line":3},"1":{"name":"(anonymous_1)","decl":{"start":{"line":40,"column":20},"end":{"line":40,"column":21}},"loc":{"start":{"line":40,"column":40},"end":{"line":52,"column":1}},"line":40},"2":{"name":"(anonymous_2)","decl":{"start":{"line":54,"column":20},"end":{"line":54,"column":21}},"loc":{"start":{"line":54,"column":40},"end":{"line":58,"column":1}},"line":54}},"branchMap":{"0":{"loc":{"start":{"line":7,"column":4},"end":{"line":9,"column":5}},"type":"if","locations":[{"start":{"line":7,"column":4},"end":{"line":9,"column":5}},{"start":{},"end":{}}],"line":7},"1":{"loc":{"start":{"line":7,"column":8},"end":{"line":7,"column":67}},"type":"binary-expr","locations":[{"start":{"line":7,"column":8},"end":{"line":7,"column":14}},{"start":{"line":7,"column":18},"end":{"line":7,"column":25}},{"start":{"line":7,"column":29},"end":{"line":7,"column":51}},{"start":{"line":7,"column":55},"end":{"line":7,"column":67}}],"line":7},"2":{"loc":{"start":{"line":11,"column":4},"end":{"line":13,"column":5}},"type":"if","locations":[{"start":{"line":11,"column":4},"end":{"line":13,"column":5}},{"start":{},"end":{}}],"line":11},"3":{"loc":{"start":{"line":11,"column":8},"end":{"line":11,"column":62}},"type":"binary-expr","locations":[{"start":{"line":11,"column":8},"end":{"line":11,"column":33}},{"start":{"line":11,"column":37},"end":{"line":11,"column":62}}],"line":11},"4":{"loc":{"start":{"line":15,"column":4},"end":{"line":17,"column":5}},"type":"if","locations":[{"start":{"line":15,"column":4},"end":{"line":17,"column":5}},{"start":{},"end":{}}],"line":15},"5":{"loc":{"start":{"line":15,"column":8},"end":{"line":15,"column":64}},"type":"binary-expr","locations":[{"start":{"line":15,"column":8},"end":{"line":15,"column":34}},{"start":{"line":15,"column":38},"end":{"line":15,"column":64}}],"line":15},"6":{"loc":{"start":{"line":19,"column":4},"end":{"line":21,"column":5}},"type":"if","locations":[{"start":{"line":19,"column":4},"end":{"line":21,"column":5}},{"start":{},"end":{}}],"line":19},"7":{"loc":{"start":{"line":19,"column":8},"end":{"line":19,"column":83}},"type":"binary-expr","locations":[{"start":{"line":19,"column":8},"end":{"line":19,"column":36}},{"start":{"line":19,"column":40},"end":{"line":19,"column":52}},{"start":{"line":19,"column":56},"end":{"line":19,"column":83}}],"line":19},"8":{"loc":{"start":{"line":25,"column":4},"end":{"line":27,"column":5}},"type":"if","locations":[{"start":{"line":25,"column":4},"end":{"line":27,"column":5}},{"start":{},"end":{}}],"line":25},"9":{"loc":{"start":{"line":25,"column":8},"end":{"line":25,"column":93}},"type":"binary-expr","locations":[{"start":{"line":25,"column":8},"end":{"line":25,"column":36}},{"start":{"line":25,"column":40},"end":{"line":25,"column":61}},{"start":{"line":25,"column":65},"end":{"line":25,"column":93}}],"line":25},"10":{"loc":{"start":{"line":29,"column":4},"end":{"line":31,"column":5}},"type":"if","locations":[{"start":{"line":29,"column":4},"end":{"line":31,"column":5}},{"start":{},"end":{}}],"line":29},"11":{"loc":{"start":{"line":29,"column":8},"end":{"line":29,"column":39}},"type":"binary-expr","locations":[{"start":{"line":29,"column":8},"end":{"line":29,"column":17}},{"start":{"line":29,"column":21},"end":{"line":29,"column":39}}],"line":29},"12":{"loc":{"start":{"line":43,"column":4},"end":{"line":45,"column":5}},"type":"if","locations":[{"start":{"line":43,"column":4},"end":{"line":45,"column":5}},{"start":{},"end":{}}],"line":43}},"s":{"0":1,"1":1,"2":9,"3":9,"4":9,"5":0,"6":9,"7":0,"8":9,"9":0,"10":9,"11":0,"12":9,"13":9,"14":9,"15":0,"16":9,"17":0,"18":9,"19":9,"20":9,"21":0,"22":1,"23":2,"24":2,"25":2,"26":0,"27":2,"28":2,"29":0,"30":1,"31":0,"32":0,"33":0,"34":1},"f":{"0":9,"1":2,"2":0},"b":{"0":[0,9],"1":[9,9,9,9],"2":[0,9],"3":[9,9],"4":[0,9],"5":[9,9],"6":[0,9],"7":[9,9,9],"8":[0,9],"9":[9,9,9],"10":[0,9],"11":[9,9],"12":[0,2]},"_coverageSchema":"1a1c01bbd47fc00a2c39e90264f33305004495a9","hash":"87a401b47235a7fc6b6bccbf3b4d22978534cc44"}
,"/home/inno/Desktop/Sanghamitra-Satpathy/library-manager/library-manager/server/controllers/category-controller.js": {"path":"/home/inno/Desktop/Sanghamitra-Satpathy/library-manager/library-manager/server/controllers/category-controller.js","statementMap":{"0":{"start":{"line":1,"column":22},"end":{"line":1,"column":53}},"1":{"start":{"line":3,"column":22},"end":{"line":16,"column":1}},"2":{"start":{"line":4,"column":2},"end":{"line":15,"column":3}},"3":{"start":{"line":5,"column":18},"end":{"line":5,"column":64}},"4":{"start":{"line":7,"column":23},"end":{"line":10,"column":6}},"5":{"start":{"line":8,"column":22},"end":{"line":8,"column":41}},"6":{"start":{"line":9,"column":19},"end":{"line":9,"column":32}},"7":{"start":{"line":12,"column":4},"end":{"line":12,"column":25}},"8":{"start":{"line":14,"column":4},"end":{"line":14,"column":53}},"9":{"start":{"line":18,"column":0},"end":{"line":18,"column":35}}},"fnMap":{"0":{"name":"(anonymous_0)","decl":{"start":{"line":3,"column":22},"end":{"line":3,"column":23}},"loc":{"start":{"line":3,"column":42},"end":{"line":16,"column":1}},"line":3},"1":{"name":"(anonymous_1)","decl":{"start":{"line":8,"column":14},"end":{"line":8,"column":15}},"loc":{"start":{"line":8,"column":22},"end":{"line":8,"column":41}},"line":8},"2":{"name":"(anonymous_2)","decl":{"start":{"line":9,"column":11},"end":{"line":9,"column":12}},"loc":{"start":{"line":9,"column":19},"end":{"line":9,"column":32}},"line":9}},"branchMap":{},"s":{"0":1,"1":1,"2":1,"3":1,"4":1,"5":2,"6":1,"7":1,"8":0,"9":1},"f":{"0":1,"1":2,"2":1},"b":{},"_coverageSchema":"1a1c01bbd47fc00a2c39e90264f33305004495a9","hash":"113fc61dbee4d9541918d9ee332650f017b0de92"}
,"/home/inno/Desktop/Sanghamitra-Satpathy/library-manager/library-manager/server/controllers/request-controller.js": {"path":"/home/inno/Desktop/Sanghamitra-Satpathy/library-manager/library-manager/server/controllers/request-controller.js","statementMap":{"0":{"start":{"line":1,"column":22},"end":{"line":1,"column":53}},"1":{"start":{"line":2,"column":25},"end":{"line":2,"column":59}},"2":{"start":{"line":3,"column":22},"end":{"line":3,"column":53}},"3":{"start":{"line":5,"column":22},"end":{"line":30,"column":1}},"4":{"start":{"line":6,"column":2},"end":{"line":29,"column":3}},"5":{"start":{"line":7,"column":23},"end":{"line":7,"column":31}},"6":{"start":{"line":9,"column":4},"end":{"line":11,"column":5}},"7":{"start":{"line":10,"column":6},"end":{"line":10,"column":71}},"8":{"start":{"line":13,"column":17},"end":{"line":13,"column":49}},"9":{"start":{"line":14,"column":4},"end":{"line":16,"column":5}},"10":{"start":{"line":15,"column":6},"end":{"line":15,"column":69}},"11":{"start":{"line":18,"column":20},"end":{"line":22,"column":6}},"12":{"start":{"line":24,"column":4},"end":{"line":24,"column":25}},"13":{"start":{"line":26,"column":4},"end":{"line":26,"column":34}},"14":{"start":{"line":28,"column":4},"end":{"line":28,"column":53}},"15":{"start":{"line":32,"column":22},"end":{"line":74,"column":1}},"16":{"start":{"line":33,"column":2},"end":{"line":73,"column":3}},"17":{"start":{"line":34,"column":34},"end":{"line":34,"column":42}},"18":{"start":{"line":36,"column":4},"end":{"line":38,"column":5}},"19":{"start":{"line":37,"column":6},"end":{"line":37,"column":74}},"20":{"start":{"line":40,"column":4},"end":{"line":42,"column":5}},"21":{"start":{"line":41,"column":6},"end":{"line":41,"column":98}},"22":{"start":{"line":44,"column":20},"end":{"line":44,"column":77}},"23":{"start":{"line":45,"column":4},"end":{"line":47,"column":5}},"24":{"start":{"line":46,"column":6},"end":{"line":46,"column":68}},"25":{"start":{"line":49,"column":4},"end":{"line":51,"column":5}},"26":{"start":{"line":50,"column":6},"end":{"line":50,"column":60}},"27":{"start":{"line":53,"column":4},"end":{"line":55,"column":5}},"28":{"start":{"line":54,"column":6},"end":{"line":54,"column":74}},"29":{"start":{"line":57,"column":4},"end":{"line":68,"column":5}},"30":{"start":{"line":58,"column":6},"end":{"line":58,"column":30}},"31":{"start":{"line":59,"column":6},"end":{"line":59,"column":43}},"32":{"start":{"line":60,"column":6},"end":{"line":60,"column":83}},"33":{"start":{"line":61,"column":6},"end":{"line":61,"column":27}},"34":{"start":{"line":63,"column":6},"end":{"line":63,"column":35}},"35":{"start":{"line":64,"column":6},"end":{"line":64,"column":34}},"36":{"start":{"line":65,"column":11},"end":{"line":68,"column":5}},"37":{"start":{"line":66,"column":6},"end":{"line":66,"column":30}},"38":{"start":{"line":67,"column":6},"end":{"line":67,"column":27}},"39":{"start":{"line":70,"column":4},"end":{"line":70,"column":22}},"40":{"start":{"line":72,"column":4},"end":{"line":72,"column":53}},"41":{"start":{"line":76,"column":22},"end":{"line":114,"column":1}},"42":{"start":{"line":77,"column":2},"end":{"line":113,"column":3}},"43":{"start":{"line":78,"column":34},"end":{"line":78,"column":42}},"44":{"start":{"line":80,"column":4},"end":{"line":82,"column":5}},"45":{"start":{"line":81,"column":6},"end":{"line":81,"column":74}},"46":{"start":{"line":84,"column":4},"end":{"line":86,"column":5}},"47":{"start":{"line":85,"column":6},"end":{"line":85,"column":77}},"48":{"start":{"line":88,"column":20},"end":{"line":88,"column":77}},"49":{"start":{"line":89,"column":4},"end":{"line":91,"column":5}},"50":{"start":{"line":90,"column":6},"end":{"line":90,"column":68}},"51":{"start":{"line":93,"column":24},"end":{"line":93,"column":34}},"52":{"start":{"line":95,"column":4},"end":{"line":101,"column":5}},"53":{"start":{"line":96,"column":26},"end":{"line":96,"column":103}},"54":{"start":{"line":97,"column":27},"end":{"line":97,"column":43}},"55":{"start":{"line":99,"column":6},"end":{"line":99,"column":38}},"56":{"start":{"line":100,"column":6},"end":{"line":100,"column":95}},"57":{"start":{"line":103,"column":4},"end":{"line":103,"column":28}},"58":{"start":{"line":104,"column":4},"end":{"line":104,"column":36}},"59":{"start":{"line":105,"column":4},"end":{"line":105,"column":25}},"60":{"start":{"line":107,"column":4},"end":{"line":107,"column":33}},"61":{"start":{"line":108,"column":4},"end":{"line":108,"column":32}},"62":{"start":{"line":110,"column":4},"end":{"line":110,"column":22}},"63":{"start":{"line":112,"column":4},"end":{"line":112,"column":53}},"64":{"start":{"line":116,"column":24},"end":{"line":138,"column":1}},"65":{"start":{"line":117,"column":2},"end":{"line":137,"column":3}},"66":{"start":{"line":118,"column":23},"end":{"line":118,"column":32}},"67":{"start":{"line":120,"column":4},"end":{"line":125,"column":5}},"68":{"start":{"line":121,"column":27},"end":{"line":122,"column":66}},"69":{"start":{"line":124,"column":6},"end":{"line":124,"column":36}},"70":{"start":{"line":127,"column":4},"end":{"line":129,"column":5}},"71":{"start":{"line":128,"column":6},"end":{"line":128,"column":75}},"72":{"start":{"line":131,"column":25},"end":{"line":132,"column":64}},"73":{"start":{"line":134,"column":4},"end":{"line":134,"column":27}},"74":{"start":{"line":136,"column":4},"end":{"line":136,"column":53}},"75":{"start":{"line":140,"column":23},"end":{"line":175,"column":1}},"76":{"start":{"line":141,"column":2},"end":{"line":174,"column":3}},"77":{"start":{"line":142,"column":24},"end":{"line":144,"column":64}},"78":{"start":{"line":146,"column":30},"end":{"line":168,"column":7}},"79":{"start":{"line":146,"column":58},"end":{"line":168,"column":5}},"80":{"start":{"line":170,"column":4},"end":{"line":170,"column":32}},"81":{"start":{"line":172,"column":4},"end":{"line":172,"column":53}},"82":{"start":{"line":173,"column":4},"end":{"line":173,"column":54}},"83":{"start":{"line":177,"column":0},"end":{"line":177,"column":98}}},"fnMap":{"0":{"name":"(anonymous_0)","decl":{"start":{"line":5,"column":22},"end":{"line":5,"column":23}},"loc":{"start":{"line":5,"column":42},"end":{"line":30,"column":1}},"line":5},"1":{"name":"(anonymous_1)","decl":{"start":{"line":32,"column":22},"end":{"line":32,"column":23}},"loc":{"start":{"line":32,"column":42},"end":{"line":74,"column":1}},"line":32},"2":{"name":"(anonymous_2)","decl":{"start":{"line":76,"column":22},"end":{"line":76,"column":23}},"loc":{"start":{"line":76,"column":42},"end":{"line":114,"column":1}},"line":76},"3":{"name":"(anonymous_3)","decl":{"start":{"line":116,"column":24},"end":{"line":116,"column":25}},"loc":{"start":{"line":116,"column":44},"end":{"line":138,"column":1}},"line":116},"4":{"name":"(anonymous_4)","decl":{"start":{"line":140,"column":23},"end":{"line":140,"column":24}},"loc":{"start":{"line":140,"column":43},"end":{"line":175,"column":1}},"line":140},"5":{"name":"(anonymous_5)","decl":{"start":{"line":146,"column":46},"end":{"line":146,"column":47}},"loc":{"start":{"line":146,"column":58},"end":{"line":168,"column":5}},"line":146}},"branchMap":{"0":{"loc":{"start":{"line":9,"column":4},"end":{"line":11,"column":5}},"type":"if","locations":[{"start":{"line":9,"column":4},"end":{"line":11,"column":5}},{"start":{},"end":{}}],"line":9},"1":{"loc":{"start":{"line":14,"column":4},"end":{"line":16,"column":5}},"type":"if","locations":[{"start":{"line":14,"column":4},"end":{"line":16,"column":5}},{"start":{},"end":{}}],"line":14},"2":{"loc":{"start":{"line":14,"column":8},"end":{"line":14,"column":34}},"type":"binary-expr","locations":[{"start":{"line":14,"column":8},"end":{"line":14,"column":13}},{"start":{"line":14,"column":17},"end":{"line":14,"column":34}}],"line":14},"3":{"loc":{"start":{"line":36,"column":4},"end":{"line":38,"column":5}},"type":"if","locations":[{"start":{"line":36,"column":4},"end":{"line":38,"column":5}},{"start":{},"end":{}}],"line":36},"4":{"loc":{"start":{"line":40,"column":4},"end":{"line":42,"column":5}},"type":"if","locations":[{"start":{"line":40,"column":4},"end":{"line":42,"column":5}},{"start":{},"end":{}}],"line":40},"5":{"loc":{"start":{"line":40,"column":8},"end":{"line":40,"column":61}},"type":"binary-expr","locations":[{"start":{"line":40,"column":8},"end":{"line":40,"column":15}},{"start":{"line":40,"column":19},"end":{"line":40,"column":61}}],"line":40},"6":{"loc":{"start":{"line":45,"column":4},"end":{"line":47,"column":5}},"type":"if","locations":[{"start":{"line":45,"column":4},"end":{"line":47,"column":5}},{"start":{},"end":{}}],"line":45},"7":{"loc":{"start":{"line":49,"column":4},"end":{"line":51,"column":5}},"type":"if","locations":[{"start":{"line":49,"column":4},"end":{"line":51,"column":5}},{"start":{},"end":{}}],"line":49},"8":{"loc":{"start":{"line":53,"column":4},"end":{"line":55,"column":5}},"type":"if","locations":[{"start":{"line":53,"column":4},"end":{"line":55,"column":5}},{"start":{},"end":{}}],"line":53},"9":{"loc":{"start":{"line":57,"column":4},"end":{"line":68,"column":5}},"type":"if","locations":[{"start":{"line":57,"column":4},"end":{"line":68,"column":5}},{"start":{"line":65,"column":11},"end":{"line":68,"column":5}}],"line":57},"10":{"loc":{"start":{"line":65,"column":11},"end":{"line":68,"column":5}},"type":"if","locations":[{"start":{"line":65,"column":11},"end":{"line":68,"column":5}},{"start":{},"end":{}}],"line":65},"11":{"loc":{"start":{"line":80,"column":4},"end":{"line":82,"column":5}},"type":"if","locations":[{"start":{"line":80,"column":4},"end":{"line":82,"column":5}},{"start":{},"end":{}}],"line":80},"12":{"loc":{"start":{"line":84,"column":4},"end":{"line":86,"column":5}},"type":"if","locations":[{"start":{"line":84,"column":4},"end":{"line":86,"column":5}},{"start":{},"end":{}}],"line":84},"13":{"loc":{"start":{"line":84,"column":8},"end":{"line":84,"column":40}},"type":"binary-expr","locations":[{"start":{"line":84,"column":8},"end":{"line":84,"column":15}},{"start":{"line":84,"column":19},"end":{"line":84,"column":40}}],"line":84},"14":{"loc":{"start":{"line":89,"column":4},"end":{"line":91,"column":5}},"type":"if","locations":[{"start":{"line":89,"column":4},"end":{"line":91,"column":5}},{"start":{},"end":{}}],"line":89},"15":{"loc":{"start":{"line":95,"column":4},"end":{"line":101,"column":5}},"type":"if","locations":[{"start":{"line":95,"column":4},"end":{"line":101,"column":5}},{"start":{},"end":{}}],"line":95},"16":{"loc":{"start":{"line":120,"column":4},"end":{"line":125,"column":5}},"type":"if","locations":[{"start":{"line":120,"column":4},"end":{"line":125,"column":5}},{"start":{},"end":{}}],"line":120},"17":{"loc":{"start":{"line":127,"column":4},"end":{"line":129,"column":5}},"type":"if","locations":[{"start":{"line":127,"column":4},"end":{"line":129,"column":5}},{"start":{},"end":{}}],"line":127},"18":{"loc":{"start":{"line":127,"column":8},"end":{"line":127,"column":83}},"type":"binary-expr","locations":[{"start":{"line":127,"column":8},"end":{"line":127,"column":14}},{"start":{"line":127,"column":18},"end":{"line":127,"column":83}}],"line":127},"19":{"loc":{"start":{"line":155,"column":12},"end":{"line":160,"column":14}},"type":"cond-expr","locations":[{"start":{"line":155,"column":29},"end":{"line":160,"column":7}},{"start":{"line":160,"column":10},"end":{"line":160,"column":14}}],"line":155},"20":{"loc":{"start":{"line":161,"column":12},"end":{"line":167,"column":14}},"type":"cond-expr","locations":[{"start":{"line":161,"column":29},"end":{"line":167,"column":7}},{"start":{"line":167,"column":10},"end":{"line":167,"column":14}}],"line":161}},"s":{"0":1,"1":1,"2":1,"3":1,"4":6,"5":6,"6":6,"7":0,"8":6,"9":6,"10":0,"11":6,"12":6,"13":6,"14":0,"15":1,"16":3,"17":3,"18":3,"19":0,"20":3,"21":0,"22":3,"23":3,"24":0,"25":3,"26":0,"27":3,"28":0,"29":3,"30":2,"31":2,"32":2,"33":2,"34":2,"35":2,"36":1,"37":1,"38":1,"39":3,"40":0,"41":1,"42":1,"43":1,"44":1,"45":0,"46":1,"47":0,"48":1,"49":1,"50":0,"51":1,"52":1,"53":0,"54":0,"55":0,"56":0,"57":1,"58":1,"59":1,"60":1,"61":1,"62":1,"63":0,"64":1,"65":2,"66":2,"67":2,"68":2,"69":2,"70":0,"71":0,"72":0,"73":0,"74":0,"75":1,"76":0,"77":0,"78":0,"79":0,"80":0,"81":0,"82":0,"83":1},"f":{"0":6,"1":3,"2":1,"3":2,"4":0,"5":0},"b":{"0":[0,6],"1":[0,6],"2":[6,6],"3":[0,3],"4":[0,3],"5":[3,3],"6":[0,3],"7":[0,3],"8":[0,3],"9":[2,1],"10":[1,0],"11":[0,1],"12":[0,1],"13":[1,1],"14":[0,1],"15":[0,1],"16":[2,0],"17":[0,0],"18":[0,0],"19":[0,0],"20":[0,0]},"_coverageSchema":"1a1c01bbd47fc00a2c39e90264f33305004495a9","hash":"7982032704270b56fccbd2e5d7796f4e3740bbd7"}
,"/home/inno/Desktop/Sanghamitra-Satpathy/library-manager/library-manager/server/middlewares/auth-validator-middleware.js": {"path":"/home/inno/Desktop/Sanghamitra-Satpathy/library-manager/library-manager/server/middlewares/auth-validator-middleware.js","statementMap":{"0":{"start":{"line":1,"column":12},"end":{"line":1,"column":35}},"1":{"start":{"line":2,"column":22},"end":{"line":2,"column":53}},"2":{"start":{"line":4,"column":22},"end":{"line":20,"column":1}},"3":{"start":{"line":5,"column":18},"end":{"line":5,"column":60}},"4":{"start":{"line":7,"column":4},"end":{"line":9,"column":5}},"5":{"start":{"line":8,"column":8},"end":{"line":8,"column":65}},"6":{"start":{"line":11,"column":4},"end":{"line":18,"column":5}},"7":{"start":{"line":12,"column":24},"end":{"line":12,"column":65}},"8":{"start":{"line":13,"column":8},"end":{"line":13,"column":76}},"9":{"start":{"line":14,"column":8},"end":{"line":14,"column":15}},"10":{"start":{"line":16,"column":8},"end":{"line":16,"column":29}},"11":{"start":{"line":17,"column":8},"end":{"line":17,"column":58}},"12":{"start":{"line":22,"column":23},"end":{"line":29,"column":1}},"13":{"start":{"line":23,"column":4},"end":{"line":28,"column":6}},"14":{"start":{"line":24,"column":8},"end":{"line":26,"column":9}},"15":{"start":{"line":25,"column":12},"end":{"line":25,"column":66}},"16":{"start":{"line":27,"column":8},"end":{"line":27,"column":15}},"17":{"start":{"line":31,"column":0},"end":{"line":31,"column":51}}},"fnMap":{"0":{"name":"(anonymous_0)","decl":{"start":{"line":4,"column":22},"end":{"line":4,"column":23}},"loc":{"start":{"line":4,"column":48},"end":{"line":20,"column":1}},"line":4},"1":{"name":"(anonymous_1)","decl":{"start":{"line":22,"column":23},"end":{"line":22,"column":24}},"loc":{"start":{"line":22,"column":34},"end":{"line":29,"column":1}},"line":22},"2":{"name":"(anonymous_2)","decl":{"start":{"line":23,"column":11},"end":{"line":23,"column":12}},"loc":{"start":{"line":23,"column":31},"end":{"line":28,"column":5}},"line":23}},"branchMap":{"0":{"loc":{"start":{"line":7,"column":4},"end":{"line":9,"column":5}},"type":"if","locations":[{"start":{"line":7,"column":4},"end":{"line":9,"column":5}},{"start":{},"end":{}}],"line":7},"1":{"loc":{"start":{"line":24,"column":8},"end":{"line":26,"column":9}},"type":"if","locations":[{"start":{"line":24,"column":8},"end":{"line":26,"column":9}},{"start":{},"end":{}}],"line":24}},"s":{"0":1,"1":1,"2":1,"3":41,"4":41,"5":0,"6":41,"7":41,"8":41,"9":41,"10":0,"11":0,"12":1,"13":9,"14":38,"15":0,"16":38,"17":1},"f":{"0":41,"1":9,"2":38},"b":{"0":[0,41],"1":[0,38]},"_coverageSchema":"1a1c01bbd47fc00a2c39e90264f33305004495a9","hash":"d8b49c76e15adb7591469977406a977082ab181d"}
,"/home/inno/Desktop/Sanghamitra-Satpathy/library-manager/library-manager/server/models/book-model.js": {"path":"/home/inno/Desktop/Sanghamitra-Satpathy/library-manager/library-manager/server/models/book-model.js","statementMap":{"0":{"start":{"line":1,"column":17},"end":{"line":1,"column":36}},"1":{"start":{"line":3,"column":19},"end":{"line":25,"column":2}},"2":{"start":{"line":27,"column":18},"end":{"line":27,"column":52}},"3":{"start":{"line":29,"column":0},"end":{"line":31,"column":1}}},"fnMap":{},"branchMap":{},"s":{"0":1,"1":1,"2":1,"3":1},"f":{},"b":{},"_coverageSchema":"1a1c01bbd47fc00a2c39e90264f33305004495a9","hash":"b5b56e38c30ba3f4c0f85aaab12b3a6ae68e9966"}
,"/home/inno/Desktop/Sanghamitra-Satpathy/library-manager/library-manager/server/models/request-model.js": {"path":"/home/inno/Desktop/Sanghamitra-Satpathy/library-manager/library-manager/server/models/request-model.js","statementMap":{"0":{"start":{"line":1,"column":17},"end":{"line":1,"column":36}},"1":{"start":{"line":3,"column":22},"end":{"line":45,"column":2}},"2":{"start":{"line":46,"column":21},"end":{"line":46,"column":61}},"3":{"start":{"line":48,"column":0},"end":{"line":50,"column":1}}},"fnMap":{},"branchMap":{},"s":{"0":1,"1":1,"2":1,"3":1},"f":{},"b":{},"_coverageSchema":"1a1c01bbd47fc00a2c39e90264f33305004495a9","hash":"fcd5fb618162f5cfc42c811873446cf0b4fb24ac"}
,"/home/inno/Desktop/Sanghamitra-Satpathy/library-manager/library-manager/server/models/user-model.js": {"path":"/home/inno/Desktop/Sanghamitra-Satpathy/library-manager/library-manager/server/models/user-model.js","statementMap":{"0":{"start":{"line":1,"column":17},"end":{"line":1,"column":36}},"1":{"start":{"line":3,"column":19},"end":{"line":30,"column":2}},"2":{"start":{"line":32,"column":18},"end":{"line":32,"column":52}},"3":{"start":{"line":34,"column":0},"end":{"line":36,"column":1}}},"fnMap":{},"branchMap":{},"s":{"0":1,"1":1,"2":1,"3":1},"f":{},"b":{},"_coverageSchema":"1a1c01bbd47fc00a2c39e90264f33305004495a9","hash":"297250f4b9a29a6b5d5a95c6daa7e2c231126927"}
,"/home/inno/Desktop/Sanghamitra-Satpathy/library-manager/library-manager/server/routes/admin-route.js": {"path":"/home/inno/Desktop/Sanghamitra-Satpathy/library-manager/library-manager/server/routes/admin-route.js","statementMap":{"0":{"start":{"line":1,"column":16},"end":{"line":1,"column":34}},"1":{"start":{"line":2,"column":42},"end":{"line":2,"column":93}},"2":{"start":{"line":3,"column":48},"end":{"line":3,"column":90}},"3":{"start":{"line":4,"column":20},"end":{"line":4,"column":36}},"4":{"start":{"line":6,"column":0},"end":{"line":6,"column":89}},"5":{"start":{"line":8,"column":0},"end":{"line":8,"column":96}},"6":{"start":{"line":10,"column":0},"end":{"line":10,"column":89}},"7":{"start":{"line":12,"column":0},"end":{"line":12,"column":29}}},"fnMap":{},"branchMap":{},"s":{"0":1,"1":1,"2":1,"3":1,"4":1,"5":1,"6":1,"7":1},"f":{},"b":{},"_coverageSchema":"1a1c01bbd47fc00a2c39e90264f33305004495a9","hash":"5a0a33040868bebdafe9733cdd44126a30211831"}
,"/home/inno/Desktop/Sanghamitra-Satpathy/library-manager/library-manager/server/routes/auth-route.js": {"path":"/home/inno/Desktop/Sanghamitra-Satpathy/library-manager/library-manager/server/routes/auth-route.js","statementMap":{"0":{"start":{"line":1,"column":16},"end":{"line":1,"column":34}},"1":{"start":{"line":2,"column":28},"end":{"line":2,"column":69}},"2":{"start":{"line":3,"column":19},"end":{"line":3,"column":35}},"3":{"start":{"line":5,"column":0},"end":{"line":5,"column":39}},"4":{"start":{"line":6,"column":0},"end":{"line":6,"column":33}},"5":{"start":{"line":8,"column":0},"end":{"line":8,"column":28}}},"fnMap":{},"branchMap":{},"s":{"0":1,"1":1,"2":1,"3":1,"4":1,"5":1},"f":{},"b":{},"_coverageSchema":"1a1c01bbd47fc00a2c39e90264f33305004495a9","hash":"f4da07951acf1fa21f01d6293c895b11c51bdaf2"}
,"/home/inno/Desktop/Sanghamitra-Satpathy/library-manager/library-manager/server/routes/book-route.js": {"path":"/home/inno/Desktop/Sanghamitra-Satpathy/library-manager/library-manager/server/routes/book-route.js","statementMap":{"0":{"start":{"line":1,"column":16},"end":{"line":1,"column":34}},"1":{"start":{"line":2,"column":42},"end":{"line":2,"column":93}},"2":{"start":{"line":3,"column":46},"end":{"line":3,"column":87}},"3":{"start":{"line":4,"column":19},"end":{"line":4,"column":35}},"4":{"start":{"line":6,"column":0},"end":{"line":6,"column":72}},"5":{"start":{"line":7,"column":0},"end":{"line":7,"column":48}},"6":{"start":{"line":8,"column":0},"end":{"line":8,"column":61}},"7":{"start":{"line":10,"column":0},"end":{"line":10,"column":28}}},"fnMap":{},"branchMap":{},"s":{"0":1,"1":1,"2":1,"3":1,"4":1,"5":1,"6":1,"7":1},"f":{},"b":{},"_coverageSchema":"1a1c01bbd47fc00a2c39e90264f33305004495a9","hash":"f26180785959ed20b373aef757383c6f8a941f28"}
,"/home/inno/Desktop/Sanghamitra-Satpathy/library-manager/library-manager/server/routes/category-route.js": {"path":"/home/inno/Desktop/Sanghamitra-Satpathy/library-manager/library-manager/server/routes/category-route.js","statementMap":{"0":{"start":{"line":1,"column":16},"end":{"line":1,"column":34}},"1":{"start":{"line":2,"column":26},"end":{"line":2,"column":77}},"2":{"start":{"line":3,"column":26},"end":{"line":3,"column":71}},"3":{"start":{"line":4,"column":23},"end":{"line":4,"column":39}},"4":{"start":{"line":6,"column":0},"end":{"line":6,"column":54}},"5":{"start":{"line":8,"column":0},"end":{"line":8,"column":32}}},"fnMap":{},"branchMap":{},"s":{"0":1,"1":1,"2":1,"3":1,"4":1,"5":1},"f":{},"b":{},"_coverageSchema":"1a1c01bbd47fc00a2c39e90264f33305004495a9","hash":"1bffb1936335c6395186252234c358f3b320b8fa"}
,"/home/inno/Desktop/Sanghamitra-Satpathy/library-manager/library-manager/server/routes/request-route.js": {"path":"/home/inno/Desktop/Sanghamitra-Satpathy/library-manager/library-manager/server/routes/request-route.js","statementMap":{"0":{"start":{"line":1,"column":16},"end":{"line":1,"column":34}},"1":{"start":{"line":2,"column":89},"end":{"line":2,"column":133}},"2":{"start":{"line":3,"column":42},"end":{"line":3,"column":93}},"3":{"start":{"line":4,"column":22},"end":{"line":4,"column":38}},"4":{"start":{"line":6,"column":0},"end":{"line":6,"column":80}},"5":{"start":{"line":8,"column":0},"end":{"line":8,"column":86}},"6":{"start":{"line":10,"column":0},"end":{"line":10,"column":87}},"7":{"start":{"line":12,"column":0},"end":{"line":12,"column":92}},"8":{"start":{"line":14,"column":0},"end":{"line":14,"column":93}},"9":{"start":{"line":16,"column":0},"end":{"line":16,"column":31}}},"fnMap":{},"branchMap":{},"s":{"0":1,"1":1,"2":1,"3":1,"4":1,"5":1,"6":1,"7":1,"8":1,"9":1},"f":{},"b":{},"_coverageSchema":"1a1c01bbd47fc00a2c39e90264f33305004495a9","hash":"b2ef521d20dd90d7dc531a804007cb70d70d1fc3"}
}
