TN:
SF:index.js
FN:26,(anonymous_0)
FNF:1
FNH:0
FNDA:0,(anonymous_0)
DA:1,2
DA:2,2
DA:3,2
DA:4,2
DA:5,2
DA:6,2
DA:10,2
DA:11,2
DA:13,2
DA:15,2
DA:17,2
DA:18,2
DA:20,2
DA:26,2
DA:27,0
DA:28,0
DA:30,0
DA:34,2
DA:35,2
DA:36,2
DA:37,2
DA:38,2
DA:53,2
LF:23
LH:20
BRDA:11,0,0,2
BRDA:11,0,1,2
BRF:2
BRH:2
end_of_record
TN:
SF:server.js
FN:9,(anonymous_0)
FN:17,(anonymous_1)
FN:18,(anonymous_2)
FN:31,(anonymous_3)
FN:32,(anonymous_4)
FN:34,(anonymous_5)
FNF:6
FNH:6
FNDA:8,(anonymous_0)
FNDA:8,(anonymous_1)
FNDA:4,(anonymous_2)
FNDA:17,(anonymous_3)
FNDA:17,(anonymous_4)
FNDA:8,(anonymous_5)
DA:1,2
DA:2,2
DA:3,2
DA:4,2
DA:7,2
DA:9,2
DA:10,8
DA:11,0
DA:12,0
DA:15,8
DA:17,8
DA:18,8
DA:19,4
DA:20,4
DA:23,4
DA:26,0
DA:31,2
DA:32,17
DA:33,17
DA:34,8
DA:35,8
DA:36,4
DA:38,4
DA:40,8
DA:41,8
DA:44,9
DA:45,9
DA:50,2
LF:28
LH:25
BRDA:7,0,0,2
BRDA:7,0,1,2
BRDA:10,1,0,0
BRDA:10,1,1,8
BRDA:33,2,0,8
BRDA:33,2,1,9
BRDA:35,3,0,4
BRDA:35,3,1,4
BRF:8
BRH:7
end_of_record
TN:
SF:config/db.js
FNF:0
FNH:0
DA:1,2
DA:3,2
DA:5,2
DA:7,2
LF:4
LH:4
BRF:0
BRH:0
end_of_record
TN:
SF:controllers/admin-controller.js
FN:5,(anonymous_0)
FN:61,(anonymous_1)
FN:70,(anonymous_2)
FNF:3
FNH:1
FNDA:9,(anonymous_0)
FNDA:0,(anonymous_1)
FNDA:0,(anonymous_2)
DA:1,2
DA:2,2
DA:3,2
DA:5,2
DA:6,9
DA:7,9
DA:9,9
DA:10,0
DA:13,9
DA:14,0
DA:17,9
DA:18,0
DA:21,9
DA:22,0
DA:25,9
DA:26,0
DA:28,9
DA:29,0
DA:32,9
DA:33,0
DA:36,9
DA:37,0
DA:40,9
DA:41,9
DA:43,9
DA:44,0
DA:47,9
DA:48,0
DA:51,9
DA:52,9
DA:53,9
DA:55,9
DA:57,0
DA:61,2
DA:62,0
DA:63,0
DA:64,0
DA:66,0
DA:70,2
DA:71,0
DA:72,0
DA:73,0
DA:75,0
DA:79,2
DA:82,2
LF:45
LH:26
BRDA:9,0,0,0
BRDA:9,0,1,9
BRDA:9,1,0,9
BRDA:9,1,1,9
BRDA:9,1,2,9
BRDA:9,1,3,9
BRDA:13,2,0,0
BRDA:13,2,1,9
BRDA:13,3,0,9
BRDA:13,3,1,9
BRDA:17,4,0,0
BRDA:17,4,1,9
BRDA:17,5,0,9
BRDA:17,5,1,9
BRDA:21,6,0,0
BRDA:21,6,1,9
BRDA:25,7,0,0
BRDA:25,7,1,9
BRDA:25,8,0,9
BRDA:25,8,1,9
BRDA:28,9,0,0
BRDA:28,9,1,9
BRDA:32,10,0,0
BRDA:32,10,1,9
BRDA:36,11,0,0
BRDA:36,11,1,9
BRDA:36,12,0,9
BRDA:36,12,1,9
BRDA:36,12,2,9
BRDA:36,12,3,9
BRDA:43,13,0,0
BRDA:43,13,1,9
BRDA:47,14,0,0
BRDA:47,14,1,9
BRF:34
BRH:24
end_of_record
TN:
SF:controllers/auth-controller.js
FN:8,(anonymous_0)
FN:51,(anonymous_1)
FNF:2
FNH:2
FNDA:18,(anonymous_0)
FNDA:26,(anonymous_1)
DA:1,2
DA:2,2
DA:3,2
DA:4,2
DA:6,2
DA:8,2
DA:9,18
DA:11,18
DA:13,18
DA:14,0
DA:17,18
DA:18,0
DA:21,18
DA:22,0
DA:24,18
DA:25,0
DA:28,18
DA:29,0
DA:32,18
DA:33,0
DA:36,18
DA:37,18
DA:38,0
DA:41,18
DA:42,18
DA:43,18
DA:45,18
DA:47,0
DA:51,2
DA:52,26
DA:53,26
DA:55,26
DA:56,0
DA:59,26
DA:60,0
DA:63,26
DA:64,26
DA:65,0
DA:68,26
DA:69,26
DA:71,0
DA:75,2
LF:42
LH:30
BRDA:13,0,0,0
BRDA:13,0,1,18
BRDA:13,1,0,18
BRDA:13,1,1,18
BRDA:13,1,2,18
BRDA:17,2,0,0
BRDA:17,2,1,18
BRDA:17,3,0,18
BRDA:17,3,1,18
BRDA:21,4,0,0
BRDA:21,4,1,18
BRDA:24,5,0,0
BRDA:24,5,1,18
BRDA:24,6,0,18
BRDA:24,6,1,10
BRDA:28,7,0,0
BRDA:28,7,1,18
BRDA:32,8,0,0
BRDA:32,8,1,18
BRDA:32,9,0,18
BRDA:32,9,1,18
BRDA:32,9,2,18
BRDA:32,9,3,18
BRDA:37,10,0,0
BRDA:37,10,1,18
BRDA:55,11,0,0
BRDA:55,11,1,26
BRDA:55,12,0,26
BRDA:55,12,1,26
BRDA:59,13,0,0
BRDA:59,13,1,26
BRDA:64,14,0,0
BRDA:64,14,1,26
BRDA:64,15,0,26
BRDA:64,15,1,26
BRF:35
BRH:25
end_of_record
TN:
SF:controllers/book-controller.js
FN:3,(anonymous_0)
FN:40,(anonymous_1)
FN:54,(anonymous_2)
FNF:3
FNH:2
FNDA:7,(anonymous_0)
FNDA:2,(anonymous_1)
FNDA:0,(anonymous_2)
DA:1,2
DA:3,2
DA:4,7
DA:5,7
DA:7,7
DA:8,0
DA:11,7
DA:12,0
DA:15,7
DA:16,0
DA:19,7
DA:20,0
DA:23,7
DA:24,7
DA:25,7
DA:26,0
DA:29,7
DA:30,0
DA:32,7
DA:33,7
DA:34,7
DA:36,0
DA:40,2
DA:41,2
DA:42,2
DA:43,2
DA:44,0
DA:47,2
DA:48,2
DA:50,0
DA:54,2
DA:55,0
DA:56,0
DA:57,0
DA:60,2
LF:35
LH:23
BRDA:7,0,0,0
BRDA:7,0,1,7
BRDA:7,1,0,7
BRDA:7,1,1,7
BRDA:7,1,2,7
BRDA:7,1,3,7
BRDA:11,2,0,0
BRDA:11,2,1,7
BRDA:11,3,0,7
BRDA:11,3,1,7
BRDA:15,4,0,0
BRDA:15,4,1,7
BRDA:15,5,0,7
BRDA:15,5,1,7
BRDA:19,6,0,0
BRDA:19,6,1,7
BRDA:19,7,0,7
BRDA:19,7,1,7
BRDA:19,7,2,7
BRDA:25,8,0,0
BRDA:25,8,1,7
BRDA:25,9,0,7
BRDA:25,9,1,7
BRDA:25,9,2,7
BRDA:29,10,0,0
BRDA:29,10,1,7
BRDA:29,11,0,7
BRDA:29,11,1,7
BRDA:43,12,0,0
BRDA:43,12,1,2
BRF:30
BRH:23
end_of_record
TN:
SF:controllers/category-controller.js
FN:3,(anonymous_0)
FN:8,(anonymous_1)
FN:9,(anonymous_2)
FNF:3
FNH:3
FNDA:1,(anonymous_0)
FNDA:2,(anonymous_1)
FNDA:1,(anonymous_2)
DA:1,2
DA:3,2
DA:4,1
DA:5,1
DA:7,1
DA:8,2
DA:9,1
DA:12,1
DA:14,0
DA:18,2
LF:10
LH:9
BRF:0
BRH:0
end_of_record
TN:
SF:controllers/request-controller.js
FN:5,(anonymous_0)
FN:32,(anonymous_1)
FN:76,(anonymous_2)
FN:116,(anonymous_3)
FN:140,(anonymous_4)
FN:146,(anonymous_5)
FNF:6
FNH:3
FNDA:4,(anonymous_0)
FNDA:3,(anonymous_1)
FNDA:1,(anonymous_2)
FNDA:0,(anonymous_3)
FNDA:0,(anonymous_4)
FNDA:0,(anonymous_5)
DA:1,2
DA:2,2
DA:3,2
DA:5,2
DA:6,4
DA:7,4
DA:9,4
DA:10,0
DA:13,4
DA:14,4
DA:15,0
DA:18,4
DA:24,4
DA:26,4
DA:28,0
DA:32,2
DA:33,3
DA:34,3
DA:36,3
DA:37,0
DA:40,3
DA:41,0
DA:44,3
DA:45,3
DA:46,0
DA:49,3
DA:50,0
DA:53,3
DA:54,0
DA:57,3
DA:58,2
DA:59,2
DA:60,2
DA:61,2
DA:63,2
DA:64,2
DA:65,1
DA:66,1
DA:67,1
DA:70,3
DA:72,0
DA:76,2
DA:77,1
DA:78,1
DA:80,1
DA:81,0
DA:84,1
DA:85,0
DA:88,1
DA:89,1
DA:90,0
DA:93,1
DA:95,1
DA:96,0
DA:97,0
DA:99,0
DA:100,0
DA:103,1
DA:104,1
DA:105,1
DA:107,1
DA:108,1
DA:110,1
DA:112,0
DA:116,2
DA:117,0
DA:118,0
DA:120,0
DA:121,0
DA:124,0
DA:127,0
DA:128,0
DA:131,0
DA:134,0
DA:136,0
DA:140,2
DA:141,0
DA:142,0
DA:146,0
DA:170,0
DA:172,0
DA:173,0
DA:177,2
LF:83
LH:50
BRDA:9,0,0,0
BRDA:9,0,1,4
BRDA:14,1,0,0
BRDA:14,1,1,4
BRDA:14,2,0,4
BRDA:14,2,1,4
BRDA:36,3,0,0
BRDA:36,3,1,3
BRDA:40,4,0,0
BRDA:40,4,1,3
BRDA:40,5,0,3
BRDA:40,5,1,3
BRDA:45,6,0,0
BRDA:45,6,1,3
BRDA:49,7,0,0
BRDA:49,7,1,3
BRDA:53,8,0,0
BRDA:53,8,1,3
BRDA:57,9,0,2
BRDA:57,9,1,1
BRDA:65,10,0,1
BRDA:65,10,1,0
BRDA:80,11,0,0
BRDA:80,11,1,1
BRDA:84,12,0,0
BRDA:84,12,1,1
BRDA:84,13,0,1
BRDA:84,13,1,1
BRDA:89,14,0,0
BRDA:89,14,1,1
BRDA:95,15,0,0
BRDA:95,15,1,1
BRDA:120,16,0,0
BRDA:120,16,1,0
BRDA:127,17,0,0
BRDA:127,17,1,0
BRDA:127,18,0,0
BRDA:127,18,1,0
BRDA:155,19,0,0
BRDA:155,19,1,0
BRDA:161,20,0,0
BRDA:161,20,1,0
BRF:42
BRH:20
end_of_record
TN:
SF:middlewares/auth-validator-middleware.js
FN:4,(anonymous_0)
FN:22,(anonymous_1)
FN:23,(anonymous_2)
FNF:3
FNH:3
FNDA:27,(anonymous_0)
FNDA:20,(anonymous_1)
FNDA:24,(anonymous_2)
DA:1,2
DA:2,2
DA:4,2
DA:5,27
DA:7,27
DA:8,0
DA:11,27
DA:12,27
DA:13,27
DA:14,27
DA:16,0
DA:17,0
DA:22,2
DA:23,20
DA:24,24
DA:25,0
DA:27,24
DA:31,2
LF:18
LH:14
BRDA:7,0,0,0
BRDA:7,0,1,27
BRDA:24,1,0,0
BRDA:24,1,1,24
BRF:4
BRH:2
end_of_record
TN:
SF:models/book-model.js
FNF:0
FNH:0
DA:1,2
DA:3,2
DA:27,2
DA:29,2
LF:4
LH:4
BRF:0
BRH:0
end_of_record
TN:
SF:models/request-model.js
FNF:0
FNH:0
DA:1,2
DA:3,2
DA:46,2
DA:48,2
LF:4
LH:4
BRF:0
BRH:0
end_of_record
TN:
SF:models/user-model.js
FNF:0
FNH:0
DA:1,2
DA:3,2
DA:32,2
DA:34,2
LF:4
LH:4
BRF:0
BRH:0
end_of_record
TN:
SF:routes/admin-route.js
FNF:0
FNH:0
DA:1,2
DA:2,2
DA:3,2
DA:4,2
DA:5,2
DA:7,2
DA:9,2
DA:11,2
DA:13,2
DA:15,2
LF:10
LH:10
BRF:0
BRH:0
end_of_record
TN:
SF:routes/auth-route.js
FNF:0
FNH:0
DA:1,2
DA:2,2
DA:3,2
DA:5,2
DA:6,2
DA:8,2
LF:6
LH:6
BRF:0
BRH:0
end_of_record
TN:
SF:routes/book-route.js
FNF:0
FNH:0
DA:1,2
DA:2,2
DA:3,2
DA:4,2
DA:6,2
DA:7,2
DA:8,2
DA:10,2
LF:8
LH:8
BRF:0
BRH:0
end_of_record
TN:
SF:routes/category-route.js
FNF:0
FNH:0
DA:1,2
DA:2,2
DA:3,2
DA:4,2
DA:6,2
DA:8,2
LF:6
LH:6
BRF:0
BRH:0
end_of_record
TN:
SF:routes/request-route.js
FNF:0
FNH:0
DA:1,2
DA:2,2
DA:3,2
DA:4,2
DA:6,2
DA:8,2
DA:10,2
DA:12,2
DA:14,2
DA:16,2
LF:10
LH:10
BRF:0
BRH:0
end_of_record
