TN:
SF:index.js
FN:26,(anonymous_0)
FNF:1
FNH:0
FNDA:0,(anonymous_0)
DA:1,1
DA:2,1
DA:3,1
DA:4,1
DA:5,1
DA:6,1
DA:10,1
DA:11,1
DA:13,1
DA:15,1
DA:17,1
DA:18,1
DA:20,1
DA:26,1
DA:27,0
DA:28,0
DA:30,0
DA:34,1
DA:35,1
DA:36,1
DA:37,1
DA:38,1
DA:53,1
LF:23
LH:20
BRDA:11,0,0,1
BRDA:11,0,1,1
BRF:2
BRH:2
end_of_record
TN:
SF:server.js
FN:9,(anonymous_0)
FN:17,(anonymous_1)
FN:18,(anonymous_2)
FN:31,(anonymous_3)
FN:32,(anonymous_4)
FN:34,(anonymous_5)
FNF:6
FNH:6
FNDA:4,(anonymous_0)
FNDA:4,(anonymous_1)
FNDA:4,(anonymous_2)
FNDA:8,(anonymous_3)
FNDA:8,(anonymous_4)
FNDA:4,(anonymous_5)
DA:1,1
DA:2,1
DA:3,1
DA:4,1
DA:7,1
DA:9,1
DA:10,4
DA:11,0
DA:12,0
DA:15,4
DA:17,4
DA:18,4
DA:19,4
DA:20,4
DA:23,4
DA:26,0
DA:31,1
DA:32,8
DA:33,8
DA:34,4
DA:35,4
DA:36,0
DA:38,4
DA:40,4
DA:41,4
DA:44,4
DA:45,4
DA:50,1
LF:28
LH:24
BRDA:7,0,0,1
BRDA:7,0,1,1
BRDA:10,1,0,0
BRDA:10,1,1,4
BRDA:33,2,0,4
BRDA:33,2,1,4
BRDA:35,3,0,0
BRDA:35,3,1,4
BRF:8
BRH:6
end_of_record
TN:
SF:config/db.js
FNF:0
FNH:0
DA:1,1
DA:3,1
DA:5,1
DA:7,1
LF:4
LH:4
BRF:0
BRH:0
end_of_record
TN:
SF:controllers/admin-controller.js
FN:5,(anonymous_0)
FN:61,(anonymous_1)
FN:70,(anonymous_2)
FNF:3
FNH:1
FNDA:11,(anonymous_0)
FNDA:0,(anonymous_1)
FNDA:0,(anonymous_2)
DA:1,1
DA:2,1
DA:3,1
DA:5,1
DA:6,11
DA:7,11
DA:9,11
DA:10,0
DA:13,11
DA:14,0
DA:17,11
DA:18,0
DA:21,11
DA:22,0
DA:25,11
DA:26,0
DA:28,11
DA:29,0
DA:32,11
DA:33,0
DA:36,11
DA:37,0
DA:40,11
DA:41,11
DA:43,11
DA:44,0
DA:47,11
DA:48,0
DA:51,11
DA:52,11
DA:53,11
DA:55,11
DA:57,0
DA:61,1
DA:62,0
DA:63,0
DA:64,0
DA:66,0
DA:70,1
DA:71,0
DA:72,0
DA:73,0
DA:75,0
DA:79,1
DA:82,1
LF:45
LH:26
BRDA:9,0,0,0
BRDA:9,0,1,11
BRDA:9,1,0,11
BRDA:9,1,1,11
BRDA:9,1,2,11
BRDA:9,1,3,11
BRDA:13,2,0,0
BRDA:13,2,1,11
BRDA:13,3,0,11
BRDA:13,3,1,11
BRDA:17,4,0,0
BRDA:17,4,1,11
BRDA:17,5,0,11
BRDA:17,5,1,11
BRDA:21,6,0,0
BRDA:21,6,1,11
BRDA:25,7,0,0
BRDA:25,7,1,11
BRDA:25,8,0,11
BRDA:25,8,1,11
BRDA:28,9,0,0
BRDA:28,9,1,11
BRDA:32,10,0,0
BRDA:32,10,1,11
BRDA:36,11,0,0
BRDA:36,11,1,11
BRDA:36,12,0,11
BRDA:36,12,1,11
BRDA:36,12,2,11
BRDA:36,12,3,11
BRDA:43,13,0,0
BRDA:43,13,1,11
BRDA:47,14,0,0
BRDA:47,14,1,11
BRF:34
BRH:24
end_of_record
TN:
SF:controllers/auth-controller.js
FN:8,(anonymous_0)
FN:51,(anonymous_1)
FNF:2
FNH:2
FNDA:22,(anonymous_0)
FNDA:32,(anonymous_1)
DA:1,1
DA:2,1
DA:3,1
DA:4,1
DA:6,1
DA:8,1
DA:9,22
DA:11,22
DA:13,22
DA:14,0
DA:17,22
DA:18,0
DA:21,22
DA:22,0
DA:24,22
DA:25,0
DA:28,22
DA:29,0
DA:32,22
DA:33,0
DA:36,22
DA:37,22
DA:38,0
DA:41,22
DA:42,22
DA:43,22
DA:45,22
DA:47,0
DA:51,1
DA:52,32
DA:53,32
DA:55,32
DA:56,0
DA:59,32
DA:60,0
DA:63,32
DA:64,32
DA:65,0
DA:68,32
DA:69,32
DA:71,0
DA:75,1
LF:42
LH:30
BRDA:13,0,0,0
BRDA:13,0,1,22
BRDA:13,1,0,22
BRDA:13,1,1,22
BRDA:13,1,2,22
BRDA:17,2,0,0
BRDA:17,2,1,22
BRDA:17,3,0,22
BRDA:17,3,1,22
BRDA:21,4,0,0
BRDA:21,4,1,22
BRDA:24,5,0,0
BRDA:24,5,1,22
BRDA:24,6,0,22
BRDA:24,6,1,12
BRDA:28,7,0,0
BRDA:28,7,1,22
BRDA:32,8,0,0
BRDA:32,8,1,22
BRDA:32,9,0,22
BRDA:32,9,1,22
BRDA:32,9,2,22
BRDA:32,9,3,22
BRDA:37,10,0,0
BRDA:37,10,1,22
BRDA:55,11,0,0
BRDA:55,11,1,32
BRDA:55,12,0,32
BRDA:55,12,1,32
BRDA:59,13,0,0
BRDA:59,13,1,32
BRDA:64,14,0,0
BRDA:64,14,1,32
BRDA:64,15,0,32
BRDA:64,15,1,32
BRF:35
BRH:25
end_of_record
TN:
SF:controllers/book-controller.js
FN:3,(anonymous_0)
FN:40,(anonymous_1)
FN:54,(anonymous_2)
FNF:3
FNH:2
FNDA:9,(anonymous_0)
FNDA:2,(anonymous_1)
FNDA:0,(anonymous_2)
DA:1,1
DA:3,1
DA:4,9
DA:5,9
DA:7,9
DA:8,0
DA:11,9
DA:12,0
DA:15,9
DA:16,0
DA:19,9
DA:20,0
DA:23,9
DA:24,9
DA:25,9
DA:26,0
DA:29,9
DA:30,0
DA:32,9
DA:33,9
DA:34,9
DA:36,0
DA:40,1
DA:41,2
DA:42,2
DA:43,2
DA:44,0
DA:47,2
DA:48,2
DA:50,0
DA:54,1
DA:55,0
DA:56,0
DA:57,0
DA:60,1
LF:35
LH:23
BRDA:7,0,0,0
BRDA:7,0,1,9
BRDA:7,1,0,9
BRDA:7,1,1,9
BRDA:7,1,2,9
BRDA:7,1,3,9
BRDA:11,2,0,0
BRDA:11,2,1,9
BRDA:11,3,0,9
BRDA:11,3,1,9
BRDA:15,4,0,0
BRDA:15,4,1,9
BRDA:15,5,0,9
BRDA:15,5,1,9
BRDA:19,6,0,0
BRDA:19,6,1,9
BRDA:19,7,0,9
BRDA:19,7,1,9
BRDA:19,7,2,9
BRDA:25,8,0,0
BRDA:25,8,1,9
BRDA:25,9,0,9
BRDA:25,9,1,9
BRDA:25,9,2,9
BRDA:29,10,0,0
BRDA:29,10,1,9
BRDA:29,11,0,9
BRDA:29,11,1,9
BRDA:43,12,0,0
BRDA:43,12,1,2
BRF:30
BRH:23
end_of_record
TN:
SF:controllers/category-controller.js
FN:3,(anonymous_0)
FN:8,(anonymous_1)
FN:9,(anonymous_2)
FNF:3
FNH:3
FNDA:1,(anonymous_0)
FNDA:2,(anonymous_1)
FNDA:1,(anonymous_2)
DA:1,1
DA:3,1
DA:4,1
DA:5,1
DA:7,1
DA:8,2
DA:9,1
DA:12,1
DA:14,0
DA:18,1
LF:10
LH:9
BRF:0
BRH:0
end_of_record
TN:
SF:controllers/request-controller.js
FN:5,(anonymous_0)
FN:32,(anonymous_1)
FN:76,(anonymous_2)
FN:116,(anonymous_3)
FN:140,(anonymous_4)
FN:146,(anonymous_5)
FNF:6
FNH:4
FNDA:6,(anonymous_0)
FNDA:3,(anonymous_1)
FNDA:1,(anonymous_2)
FNDA:2,(anonymous_3)
FNDA:0,(anonymous_4)
FNDA:0,(anonymous_5)
DA:1,1
DA:2,1
DA:3,1
DA:5,1
DA:6,6
DA:7,6
DA:9,6
DA:10,0
DA:13,6
DA:14,6
DA:15,0
DA:18,6
DA:24,6
DA:26,6
DA:28,0
DA:32,1
DA:33,3
DA:34,3
DA:36,3
DA:37,0
DA:40,3
DA:41,0
DA:44,3
DA:45,3
DA:46,0
DA:49,3
DA:50,0
DA:53,3
DA:54,0
DA:57,3
DA:58,2
DA:59,2
DA:60,2
DA:61,2
DA:63,2
DA:64,2
DA:65,1
DA:66,1
DA:67,1
DA:70,3
DA:72,0
DA:76,1
DA:77,1
DA:78,1
DA:80,1
DA:81,0
DA:84,1
DA:85,0
DA:88,1
DA:89,1
DA:90,0
DA:93,1
DA:95,1
DA:96,0
DA:97,0
DA:99,0
DA:100,0
DA:103,1
DA:104,1
DA:105,1
DA:107,1
DA:108,1
DA:110,1
DA:112,0
DA:116,1
DA:117,2
DA:118,2
DA:120,2
DA:121,2
DA:124,2
DA:127,0
DA:128,0
DA:131,0
DA:134,0
DA:136,0
DA:140,1
DA:141,0
DA:142,0
DA:146,0
DA:170,0
DA:172,0
DA:173,0
DA:177,1
LF:83
LH:55
BRDA:9,0,0,0
BRDA:9,0,1,6
BRDA:14,1,0,0
BRDA:14,1,1,6
BRDA:14,2,0,6
BRDA:14,2,1,6
BRDA:36,3,0,0
BRDA:36,3,1,3
BRDA:40,4,0,0
BRDA:40,4,1,3
BRDA:40,5,0,3
BRDA:40,5,1,3
BRDA:45,6,0,0
BRDA:45,6,1,3
BRDA:49,7,0,0
BRDA:49,7,1,3
BRDA:53,8,0,0
BRDA:53,8,1,3
BRDA:57,9,0,2
BRDA:57,9,1,1
BRDA:65,10,0,1
BRDA:65,10,1,0
BRDA:80,11,0,0
BRDA:80,11,1,1
BRDA:84,12,0,0
BRDA:84,12,1,1
BRDA:84,13,0,1
BRDA:84,13,1,1
BRDA:89,14,0,0
BRDA:89,14,1,1
BRDA:95,15,0,0
BRDA:95,15,1,1
BRDA:120,16,0,2
BRDA:120,16,1,0
BRDA:127,17,0,0
BRDA:127,17,1,0
BRDA:127,18,0,0
BRDA:127,18,1,0
BRDA:155,19,0,0
BRDA:155,19,1,0
BRDA:161,20,0,0
BRDA:161,20,1,0
BRF:42
BRH:21
end_of_record
TN:
SF:middlewares/auth-validator-middleware.js
FN:4,(anonymous_0)
FN:22,(anonymous_1)
FN:23,(anonymous_2)
FNF:3
FNH:3
FNDA:35,(anonymous_0)
FNDA:10,(anonymous_1)
FNDA:32,(anonymous_2)
DA:1,1
DA:2,1
DA:4,1
DA:5,35
DA:7,35
DA:8,0
DA:11,35
DA:12,35
DA:13,35
DA:14,35
DA:16,0
DA:17,0
DA:22,1
DA:23,10
DA:24,32
DA:25,0
DA:27,32
DA:31,1
LF:18
LH:14
BRDA:7,0,0,0
BRDA:7,0,1,35
BRDA:24,1,0,0
BRDA:24,1,1,32
BRF:4
BRH:2
end_of_record
TN:
SF:models/book-model.js
FNF:0
FNH:0
DA:1,1
DA:3,1
DA:27,1
DA:29,1
LF:4
LH:4
BRF:0
BRH:0
end_of_record
TN:
SF:models/request-model.js
FNF:0
FNH:0
DA:1,1
DA:3,1
DA:46,1
DA:48,1
LF:4
LH:4
BRF:0
BRH:0
end_of_record
TN:
SF:models/user-model.js
FNF:0
FNH:0
DA:1,1
DA:3,1
DA:32,1
DA:34,1
LF:4
LH:4
BRF:0
BRH:0
end_of_record
TN:
SF:routes/admin-route.js
FNF:0
FNH:0
DA:1,1
DA:2,1
DA:3,1
DA:4,1
DA:5,1
DA:7,1
DA:9,1
DA:11,1
DA:13,1
DA:15,1
LF:10
LH:10
BRF:0
BRH:0
end_of_record
TN:
SF:routes/auth-route.js
FNF:0
FNH:0
DA:1,1
DA:2,1
DA:3,1
DA:5,1
DA:6,1
DA:8,1
LF:6
LH:6
BRF:0
BRH:0
end_of_record
TN:
SF:routes/book-route.js
FNF:0
FNH:0
DA:1,1
DA:2,1
DA:3,1
DA:4,1
DA:6,1
DA:7,1
DA:8,1
DA:10,1
LF:8
LH:8
BRF:0
BRH:0
end_of_record
TN:
SF:routes/category-route.js
FNF:0
FNH:0
DA:1,1
DA:2,1
DA:3,1
DA:4,1
DA:6,1
DA:8,1
LF:6
LH:6
BRF:0
BRH:0
end_of_record
TN:
SF:routes/request-route.js
FNF:0
FNH:0
DA:1,1
DA:2,1
DA:3,1
DA:4,1
DA:6,1
DA:8,1
DA:10,1
DA:12,1
DA:14,1
DA:16,1
LF:10
LH:10
BRF:0
BRH:0
end_of_record
